Log file open, 05/22/24 15:15:51
LogWindows: Failed to load 'aqProf.dll' (GetLastError=126)
LogWindows: File 'aqProf.dll' does not exist
LogWindows: Failed to load 'VtuneApi.dll' (GetLastError=126)
LogWindows: File 'VtuneApi.dll' does not exist
LogWindows: Failed to load 'VtuneApi32e.dll' (GetLastError=126)
LogWindows: File 'VtuneApi32e.dll' does not exist
LogConsoleResponse: Display: Failed to find resolution value strings in scalability ini. Falling back to default.
LogConsoleResponse: Display: Failed to find resolution value strings in scalability ini. Falling back to default.
LogInit: Display: Running engine for game: FirstBPProjectUE
LogPlatformFile: Not using cached read wrapper
LogTaskGraph: Started task graph with 5 named threads and 23 total threads with 3 sets of task threads.
LogStats: Stats thread started at 0.309358
LogICUInternationalization: ICU TimeZone Detection - Raw Offset: -5:00, Platform Override: ''
LogInit: Display: Loading text-based GConfig....
LogPluginManager: Mounting plugin MeshPainting
LogPluginManager: Mounting plugin XGEController
LogPluginManager: Mounting plugin Paper2D
LogPluginManager: Mounting plugin AISupport
LogPluginManager: Mounting plugin EnvironmentQueryEditor
LogPluginManager: Mounting plugin LiveLink
LogPluginManager: Mounting plugin CameraShakePreviewer
LogPluginManager: Mounting plugin LightPropagationVolume
LogPluginManager: Mounting plugin OodleData
LogPluginManager: Mounting plugin OodleNetwork
LogPluginManager: Mounting plugin AnimationSharing
LogPluginManager: Mounting plugin CLionSourceCodeAccess
LogPluginManager: Mounting plugin CodeLiteSourceCodeAccess
LogPluginManager: Mounting plugin GitSourceControl
LogPluginManager: Mounting plugin NullSourceCodeAccess
LogPluginManager: Mounting plugin KDevelopSourceCodeAccess
LogPluginManager: Mounting plugin PlasticSourceControl
LogPluginManager: Mounting plugin PerforceSourceControl
LogPluginManager: Mounting plugin PixWinPlugin
LogPluginManager: Mounting plugin PluginUtils
LogPluginManager: Mounting plugin PropertyAccessNode
LogPluginManager: Mounting plugin SubversionSourceControl
LogPluginManager: Mounting plugin RiderSourceCodeAccess
LogPluginManager: Mounting plugin TextureFormatOodle
LogPluginManager: Mounting plugin UObjectPlugin
LogPluginManager: Mounting plugin VisualStudioCodeSourceCodeAccess
LogPluginManager: Mounting plugin XCodeSourceCodeAccess
LogPluginManager: Mounting plugin VisualStudioSourceCodeAccess
LogPluginManager: Mounting plugin AssetManagerEditor
LogPluginManager: Mounting plugin CurveEditorTools
LogPluginManager: Mounting plugin DataValidation
LogPluginManager: Mounting plugin CryptoKeys
LogPluginManager: Mounting plugin GameplayTagsEditor
LogPluginManager: Mounting plugin FacialAnimation
LogPluginManager: Mounting plugin GeometryMode
LogPluginManager: Mounting plugin MacGraphicsSwitching
LogPluginManager: Mounting plugin MaterialAnalyzer
LogPluginManager: Mounting plugin MobileLauncherProfileWizard
LogPluginManager: Mounting plugin PluginBrowser
LogPluginManager: Mounting plugin SpeedTreeImporter
LogPluginManager: Mounting plugin DatasmithContent
LogPluginManager: Mounting plugin VariantManagerContent
LogPluginManager: Mounting plugin AlembicImporter
LogPluginManager: Mounting plugin AutomationUtils
LogPluginManager: Mounting plugin BackChannel
LogPluginManager: Mounting plugin ChaosCloth
LogPluginManager: Mounting plugin ChaosClothEditor
LogPluginManager: Mounting plugin ChaosEditor
LogPluginManager: Mounting plugin ChaosNiagara
LogPluginManager: Mounting plugin ChaosSolverPlugin
LogPluginManager: Mounting plugin CharacterAI
LogPluginManager: Mounting plugin GeometryCache
LogPluginManager: Mounting plugin GeometryCollectionPlugin
LogPluginManager: Mounting plugin GeometryProcessing
LogPluginManager: Mounting plugin Niagara
LogPluginManager: Mounting plugin MotoSynth
LogPluginManager: Mounting plugin OpenImageDenoise
LogPluginManager: Mounting plugin PlatformCrypto
LogPluginManager: Mounting plugin PlanarCut
LogPluginManager: Mounting plugin ProxyLODPlugin
LogPluginManager: Mounting plugin PythonScriptPlugin
LogPluginManager: Mounting plugin SkeletalReduction
LogPluginManager: Mounting plugin AndroidMedia
LogPluginManager: Mounting plugin AvfMedia
LogPluginManager: Mounting plugin ImgMedia
LogPluginManager: Mounting plugin MediaCompositing
LogPluginManager: Mounting plugin MediaPlayerEditor
LogPluginManager: Mounting plugin WebMMedia
LogPluginManager: Mounting plugin LuminPlatformFeatures
LogPluginManager: Mounting plugin WmfMedia
LogPluginManager: Mounting plugin MagicLeap
LogPluginManager: Mounting plugin MagicLeapLightEstimation
LogPluginManager: Mounting plugin MagicLeapMedia
LogPluginManager: Mounting plugin MagicLeapPassableWorld
LogPluginManager: Mounting plugin MLSDK
LogPluginManager: Mounting plugin UdpMessaging
LogPluginManager: Mounting plugin TcpMessaging
LogPluginManager: Mounting plugin ActorSequence
LogPluginManager: Mounting plugin LevelSequenceEditor
LogPluginManager: Mounting plugin MatineeToLevelSequence
LogPluginManager: Mounting plugin TemplateSequence
LogPluginManager: Mounting plugin OnlineSubsystem
LogPluginManager: Mounting plugin OnlineSubsystemNull
LogPluginManager: Mounting plugin OnlineSubsystemUtils
LogPluginManager: Mounting plugin LauncherChunkInstaller
LogPluginManager: Mounting plugin ActorLayerUtilities
LogPluginManager: Mounting plugin AndroidPermission
LogPluginManager: Mounting plugin AndroidDeviceProfileSelector
LogPluginManager: Mounting plugin AndroidMoviePlayer
LogPluginManager: Mounting plugin AppleImageUtils
LogPluginManager: Mounting plugin ArchVisCharacter
LogPluginManager: Mounting plugin AppleMoviePlayer
LogPluginManager: Mounting plugin AssetTags
LogPluginManager: Mounting plugin AudioCapture
LogPluginManager: Mounting plugin ChunkDownloader
LogPluginManager: Mounting plugin AudioSynesthesia
LogPluginManager: Mounting plugin CableComponent
LogPluginManager: Mounting plugin CustomMeshComponent
LogPluginManager: Mounting plugin EditableMesh
LogPluginManager: Mounting plugin ExampleDeviceProfileSelector
LogPluginManager: Mounting plugin GoogleCloudMessaging
LogPluginManager: Mounting plugin GooglePAD
LogPluginManager: Mounting plugin IOSDeviceProfileSelector
LogPluginManager: Mounting plugin LinuxDeviceProfileSelector
LogPluginManager: Mounting plugin LocationServicesBPLibrary
LogPluginManager: Mounting plugin MobilePatchingUtils
LogPluginManager: Mounting plugin OpenXREyeTracker
LogPluginManager: Mounting plugin OpenXR
LogPluginManager: Mounting plugin OpenXRHandTracking
LogPluginManager: Mounting plugin PhysXVehicles
LogPluginManager: Mounting plugin PostSplashScreen
LogPluginManager: Mounting plugin ProceduralMeshComponent
LogPluginManager: Mounting plugin PropertyAccessEditor
LogPluginManager: Mounting plugin RuntimePhysXCooking
LogPluginManager: Mounting plugin SignificanceManager
LogPluginManager: Mounting plugin SoundFields
LogPluginManager: Mounting plugin ScreenshotTools
LogPluginManager: Mounting plugin Synthesis
LogPluginManager: Mounting plugin WebMMoviePlayer
LogPluginManager: Mounting plugin WindowsMoviePlayer
LogPluginManager: Mounting plugin Takes
LogPluginManager: Mounting plugin GameplayCameras
LogPluginManager: Mounting plugin ContentBrowserClassDataSource
LogPluginManager: Mounting plugin ContentBrowserFileDataSource
LogPluginManager: Mounting plugin ContentBrowserAssetDataSource
LogPluginManager: Mounting plugin OnlineSubsystemGooglePlay
LogPluginManager: Mounting plugin OnlineSubsystemIOS
LogPluginManager: Mounting plugin OculusVR
LogPluginManager: Mounting plugin SteamVR
PixWinPlugin: PIX capture plugin failed to initialize! Check that the process is launched from PIX.
LogInit: Using libcurl 7.55.1-DEV
LogInit:  - built for x86_64-pc-win32
LogInit:  - supports SSL with OpenSSL/1.1.1
LogInit:  - supports HTTP deflate (compression) using libz 1.2.8
LogInit:  - other features:
LogInit:      CURL_VERSION_SSL
LogInit:      CURL_VERSION_LIBZ
LogInit:      CURL_VERSION_IPV6
LogInit:      CURL_VERSION_ASYNCHDNS
LogInit:      CURL_VERSION_LARGEFILE
LogInit:      CURL_VERSION_IDN
LogInit:  CurlRequestOptions (configurable via config and command line):
LogInit:  - bVerifyPeer = true  - Libcurl will verify peer certificate
LogInit:  - bUseHttpProxy = false  - Libcurl will NOT use HTTP proxy
LogInit:  - bDontReuseConnections = false  - Libcurl will reuse connections
LogInit:  - MaxHostConnections = 16  - Libcurl will limit the number of connections to a host
LogInit:  - LocalHostAddr = Default
LogInit:  - BufferSize = 65536
LogOnline: OSS: Creating online subsystem instance for: NULL
LogInit: WinSock: version 1.1 (2.2), MaxSocks=32767, MaxUdp=65467
LogOnline: OSS: TryLoadSubsystemAndSetDefault: Loaded subsystem for module [NULL]
LogOculusPluginWrapper: OculusPlugin initialized successfully
LogHMD: Failed initializing OVRPlugin 1.59.0
LogInit: Build: ++UE4+Release-4.27-CL-18319896
LogInit: Engine Version: 4.27.2-18319896+++UE4+Release-4.27
LogInit: Compatible Engine Version: 4.27.0-17155196+++UE4+Release-4.27
LogInit: Net CL: 17155196
LogInit: OS: Windows 10 (Release 2009) (), CPU: Intel(R) Core(TM) i5-8250U CPU @ 1.60GHz, GPU: Intel(R) UHD Graphics 620
LogInit: Compiled (64-bit): Nov 30 2021 07:12:08
LogInit: Compiled with Visual C++: 19.24.28315.00
LogInit: Build Configuration: Development
LogInit: Branch Name: ++UE4+Release-4.27
LogInit: Command Line:  -AUTH_LOGIN=unused -AUTH_PASSWORD=f1fb35e5375c42e8a0ba8bc56be260b3 -AUTH_TYPE=exchangecode -epicapp=UE_4.27 -epicenv=Prod -EpicPortal -epicusername=Klaas_0199 -epicuserid=70001f5f5cfc44a0bce8f2fdfaa34e58 -epiclocale=en -epicsandboxid=ue
LogInit: Base Directory: D:/Develop/Unreal Engine/UE_4.27/Engine/Binaries/Win64/
LogInit: Allocator: TBB
LogInit: Installed Engine Build: 1
LogDevObjectVersion: Number of dev versions registered: 29
LogDevObjectVersion:   Dev-Blueprints (B0D832E4-1F89-4F0D-ACCF-7EB736FD4AA2): 10
LogDevObjectVersion:   Dev-Build (E1C64328-A22C-4D53-A36C-8E866417BD8C): 0
LogDevObjectVersion:   Dev-Core (375EC13C-06E4-48FB-B500-84F0262A717E): 4
LogDevObjectVersion:   Dev-Editor (E4B068ED-F494-42E9-A231-DA0B2E46BB41): 40
LogDevObjectVersion:   Dev-Framework (CFFC743F-43B0-4480-9391-14DF171D2073): 37
LogDevObjectVersion:   Dev-Mobile (B02B49B5-BB20-44E9-A304-32B752E40360): 3
LogDevObjectVersion:   Dev-Networking (A4E4105C-59A1-49B5-A7C5-40C4547EDFEE): 0
LogDevObjectVersion:   Dev-Online (39C831C9-5AE6-47DC-9A44-9C173E1C8E7C): 0
LogDevObjectVersion:   Dev-Physics (78F01B33-EBEA-4F98-B9B4-84EACCB95AA2): 14
LogDevObjectVersion:   Dev-Platform (6631380F-2D4D-43E0-8009-CF276956A95A): 0
LogDevObjectVersion:   Dev-Rendering (12F88B9F-8875-4AFC-A67C-D90C383ABD29): 45
LogDevObjectVersion:   Dev-Sequencer (7B5AE74C-D270-4C10-A958-57980B212A5A): 13
LogDevObjectVersion:   Dev-VR (D7296918-1DD6-4BDD-9DE2-64A83CC13884): 3
LogDevObjectVersion:   Dev-LoadTimes (C2A15278-BFE7-4AFE-6C17-90FF531DF755): 1
LogDevObjectVersion:   Private-Geometry (6EACA3D4-40EC-4CC1-B786-8BED09428FC5): 3
LogDevObjectVersion:   Dev-AnimPhys (29E575DD-E0A3-4627-9D10-D276232CDCEA): 17
LogDevObjectVersion:   Dev-Anim (AF43A65D-7FD3-4947-9873-3E8ED9C1BB05): 15
LogDevObjectVersion:   Dev-ReflectionCapture (6B266CEC-1EC7-4B8F-A30B-E4D90942FC07): 1
LogDevObjectVersion:   Dev-Automation (0DF73D61-A23F-47EA-B727-89E90C41499A): 1
LogDevObjectVersion:   FortniteMain (601D1886-AC64-4F84-AA16-D3DE0DEAC7D6): 47
LogDevObjectVersion:   FortniteRelease (E7086368-6B23-4C58-8439-1B7016265E91): 1
LogDevObjectVersion:   Dev-Enterprise (9DFFBCD6-494F-0158-E221-12823C92A888): 10
LogDevObjectVersion:   Dev-Niagara (F2AED0AC-9AFE-416F-8664-AA7FFA26D6FC): 1
LogDevObjectVersion:   Dev-Destruction (174F1F0B-B4C6-45A5-B13F-2EE8D0FB917D): 10
LogDevObjectVersion:   Dev-Physics-Ext (35F94A83-E258-406C-A318-09F59610247C): 41
LogDevObjectVersion:   Dev-PhysicsMaterial-Chaos (B68FC16E-8B1B-42E2-B453-215C058844FE): 1
LogDevObjectVersion:   Dev-CineCamera (B2E18506-4273-CFC2-A54E-F4BB758BBA07): 1
LogDevObjectVersion:   Dev-VirtualProduction (64F58936-FD1B-42BA-BA96-7289D5D0FA4E): 1
LogDevObjectVersion:   Dev-MediaFramework (6F0ED827-A609-4895-9C91-998D90180EA4): 2
LogInit: Presizing for max 25165824 objects, including 0 objects not considered by GC, pre-allocating 0 bytes for permanent pool.
LogConfig: Applying CVar settings from Section [/Script/Engine.StreamingSettings] File [D:/Develop/Unreal Projects/FirstBPProjectUE/Saved/Config/Windows/Engine.ini]
LogConfig: Setting CVar [[s.MinBulkDataSizeForAsyncLoading:131072]]
LogConfig: Setting CVar [[s.AsyncLoadingThreadEnabled:0]]
LogConfig: Setting CVar [[s.EventDrivenLoaderEnabled:1]]
LogConfig: Setting CVar [[s.WarnIfTimeLimitExceeded:0]]
LogConfig: Setting CVar [[s.TimeLimitExceededMultiplier:1.5]]
LogConfig: Setting CVar [[s.TimeLimitExceededMinTime:0.005]]
LogConfig: Setting CVar [[s.UseBackgroundLevelStreaming:1]]
LogConfig: Setting CVar [[s.PriorityAsyncLoadingExtraTime:15.0]]
LogConfig: Setting CVar [[s.LevelStreamingActorsUpdateTimeLimit:5.0]]
LogConfig: Setting CVar [[s.PriorityLevelStreamingActorsUpdateExtraTime:5.0]]
LogConfig: Setting CVar [[s.LevelStreamingComponentsRegistrationGranularity:10]]
LogConfig: Setting CVar [[s.UnregisterComponentsTimeLimit:1.0]]
LogConfig: Setting CVar [[s.LevelStreamingComponentsUnregistrationGranularity:5]]
LogConfig: Setting CVar [[s.FlushStreamingOnExit:1]]
LogInit: Object subsystem initialized
LogConfig: Setting CVar [[con.DebugEarlyDefault:1]]
LogConfig: Setting CVar [[r.setres:1280x720]]
[2024.05.22-20.15.51:731][  0]LogConfig: Setting CVar [[r.VSync:0]]
[2024.05.22-20.15.51:731][  0]LogConfig: Setting CVar [[r.RHICmdBypass:0]]
[2024.05.22-20.15.51:731][  0]LogConfig: Applying CVar settings from Section [/Script/Engine.RendererSettings] File [D:/Develop/Unreal Projects/FirstBPProjectUE/Saved/Config/Windows/Engine.ini]
[2024.05.22-20.15.51:731][  0]LogConfig: Setting CVar [[r.GPUCrashDebugging:0]]
[2024.05.22-20.15.51:731][  0]LogConfig: Setting CVar [[r.Mobile.DisableVertexFog:1]]
[2024.05.22-20.15.51:731][  0]LogConfig: Setting CVar [[r.Shadow.CSM.MaxMobileCascades:2]]
[2024.05.22-20.15.51:731][  0]LogConfig: Setting CVar [[r.MobileMSAA:1]]
[2024.05.22-20.15.51:731][  0]LogConfig: Setting CVar [[r.Mobile.AllowDitheredLODTransition:0]]
[2024.05.22-20.15.51:731][  0]LogConfig: Setting CVar [[r.Mobile.AllowSoftwareOcclusion:0]]
[2024.05.22-20.15.51:731][  0]LogConfig: Setting CVar [[r.Mobile.VirtualTextures:0]]
[2024.05.22-20.15.51:731][  0]LogConfig: Setting CVar [[r.DiscardUnusedQuality:0]]
[2024.05.22-20.15.51:731][  0]LogConfig: Setting CVar [[r.AllowOcclusionQueries:1]]
[2024.05.22-20.15.51:731][  0]LogConfig: Setting CVar [[r.MinScreenRadiusForLights:0.030000]]
[2024.05.22-20.15.51:731][  0]LogConfig: Setting CVar [[r.MinScreenRadiusForDepthPrepass:0.030000]]
[2024.05.22-20.15.51:731][  0]LogConfig: Setting CVar [[r.MinScreenRadiusForCSMDepth:0.010000]]
[2024.05.22-20.15.51:731][  0]LogConfig: Setting CVar [[r.PrecomputedVisibilityWarning:0]]
[2024.05.22-20.15.51:731][  0]LogConfig: Setting CVar [[r.TextureStreaming:1]]
[2024.05.22-20.15.51:731][  0]LogConfig: Setting CVar [[Compat.UseDXT5NormalMaps:0]]
[2024.05.22-20.15.51:731][  0]LogConfig: Setting CVar [[r.VirtualTextures:0]]
[2024.05.22-20.15.51:731][  0]LogConfig: Setting CVar [[r.VT.EnableAutoImport:1]]
[2024.05.22-20.15.51:731][  0]LogConfig: Setting CVar [[r.VirtualTexturedLightmaps:0]]
[2024.05.22-20.15.51:731][  0]LogConfig: Setting CVar [[r.VT.TileSize:128]]
[2024.05.22-20.15.51:731][  0]LogConfig: Setting CVar [[r.VT.TileBorderSize:4]]
[2024.05.22-20.15.51:731][  0]LogConfig: Setting CVar [[r.vt.FeedbackFactor:16]]
[2024.05.22-20.15.51:731][  0]LogConfig: Setting CVar [[r.VT.EnableCompressZlib:1]]
[2024.05.22-20.15.51:731][  0]LogConfig: Setting CVar [[r.VT.EnableCompressCrunch:0]]
[2024.05.22-20.15.51:731][  0]LogConfig: Setting CVar [[r.ClearCoatNormal:0]]
[2024.05.22-20.15.51:731][  0]LogConfig: Setting CVar [[r.ReflectionCaptureResolution:128]]
[2024.05.22-20.15.51:731][  0]LogConfig: Setting CVar [[r.Mobile.ReflectionCaptureCompression:0]]
[2024.05.22-20.15.51:731][  0]LogConfig: Setting CVar [[r.ReflectionEnvironmentLightmapMixBasedOnRoughness:1]]
[2024.05.22-20.15.51:731][  0]LogConfig: Setting CVar [[r.ForwardShading:0]]
[2024.05.22-20.15.51:731][  0]LogConfig: Setting CVar [[r.VertexFoggingForOpaque:1]]
[2024.05.22-20.15.51:731][  0]LogConfig: Setting CVar [[r.AllowStaticLighting:1]]
[2024.05.22-20.15.51:731][  0]LogConfig: Setting CVar [[r.NormalMapsForStaticLighting:0]]
[2024.05.22-20.15.51:731][  0]LogConfig: Setting CVar [[r.GenerateMeshDistanceFields:0]]
[2024.05.22-20.15.51:731][  0]LogConfig: Setting CVar [[r.DistanceFieldBuild.EightBit:0]]
[2024.05.22-20.15.51:731][  0]LogConfig: Setting CVar [[r.GenerateLandscapeGIData:0]]
[2024.05.22-20.15.51:731][  0]LogConfig: Setting CVar [[r.DistanceFieldBuild.Compress:0]]
[2024.05.22-20.15.51:731][  0]LogConfig: Setting CVar [[r.TessellationAdaptivePixelsPerTriangle:48.000000]]
[2024.05.22-20.15.51:731][  0]LogConfig: Setting CVar [[r.SeparateTranslucency:1]]
[2024.05.22-20.15.51:731][  0]LogConfig: Setting CVar [[r.TranslucentSortPolicy:0]]
[2024.05.22-20.15.51:731][  0]LogConfig: Setting CVar [[vr.VRS.HMDFixedFoveationLevel:0]]
[2024.05.22-20.15.51:731][  0]LogConfig: Setting CVar [[r.CustomDepth:1]]
[2024.05.22-20.15.51:731][  0]LogConfig: Setting CVar [[r.CustomDepthTemporalAAJitter:1]]
[2024.05.22-20.15.51:731][  0]LogConfig: Setting CVar [[r.PostProcessing.PropagateAlpha:0]]
[2024.05.22-20.15.51:731][  0]LogConfig: Setting CVar [[r.DefaultFeature.Bloom:1]]
[2024.05.22-20.15.51:731][  0]LogConfig: Setting CVar [[r.DefaultFeature.AmbientOcclusion:1]]
[2024.05.22-20.15.51:731][  0]LogConfig: Setting CVar [[r.DefaultFeature.AmbientOcclusionStaticFraction:1]]
[2024.05.22-20.15.51:732][  0]LogConfig: Setting CVar [[r.DefaultFeature.AutoExposure:0]]
[2024.05.22-20.15.51:732][  0]LogConfig: Setting CVar [[r.DefaultFeature.AutoExposure.Method:0]]
[2024.05.22-20.15.51:732][  0]LogConfig: Setting CVar [[r.DefaultFeature.AutoExposure.Bias:1.000000]]
[2024.05.22-20.15.51:732][  0]LogConfig: Setting CVar [[r.DefaultFeature.AutoExposure.ExtendDefaultLuminanceRange:0]]
[2024.05.22-20.15.51:732][  0]LogConfig: Setting CVar [[r.UsePreExposure:1]]
[2024.05.22-20.15.51:732][  0]LogConfig: Setting CVar [[r.EyeAdaptation.EditorOnly:0]]
[2024.05.22-20.15.51:732][  0]LogConfig: Setting CVar [[r.DefaultFeature.MotionBlur:0]]
[2024.05.22-20.15.51:732][  0]LogConfig: Setting CVar [[r.DefaultFeature.LensFlare:0]]
[2024.05.22-20.15.51:732][  0]LogConfig: Setting CVar [[r.TemporalAA.Upsampling:0]]
[2024.05.22-20.15.51:732][  0]LogConfig: Setting CVar [[r.SSGI.Enable:0]]
[2024.05.22-20.15.51:732][  0]LogConfig: Setting CVar [[r.DefaultFeature.AntiAliasing:0]]
[2024.05.22-20.15.51:732][  0]LogConfig: Setting CVar [[r.DefaultFeature.LightUnits:1]]
[2024.05.22-20.15.51:732][  0]LogConfig: Setting CVar [[r.DefaultBackBufferPixelFormat:4]]
[2024.05.22-20.15.51:732][  0]LogConfig: Setting CVar [[r.Shadow.UnbuiltPreviewInGame:1]]
[2024.05.22-20.15.51:732][  0]LogConfig: Setting CVar [[r.StencilForLODDither:0]]
[2024.05.22-20.15.51:732][  0]LogConfig: Setting CVar [[r.EarlyZPass:3]]
[2024.05.22-20.15.51:732][  0]LogConfig: Setting CVar [[r.EarlyZPassOnlyMaterialMasking:0]]
[2024.05.22-20.15.51:732][  0]LogConfig: Setting CVar [[r.DBuffer:1]]
[2024.05.22-20.15.51:732][  0]LogConfig: Setting CVar [[r.ClearSceneMethod:1]]
[2024.05.22-20.15.51:732][  0]LogConfig: Setting CVar [[r.BasePassOutputsVelocity:0]]
[2024.05.22-20.15.51:732][  0]LogConfig: Setting CVar [[r.VertexDeformationOutputsVelocity:0]]
[2024.05.22-20.15.51:732][  0]LogConfig: Setting CVar [[r.SelectiveBasePassOutputs:0]]
[2024.05.22-20.15.51:732][  0]LogConfig: Setting CVar [[fx.GPUSimulationTextureSizeX:1024]]
[2024.05.22-20.15.51:732][  0]LogConfig: Setting CVar [[fx.GPUSimulationTextureSizeY:1024]]
[2024.05.22-20.15.51:732][  0]LogConfig: Setting CVar [[r.AllowGlobalClipPlane:0]]
[2024.05.22-20.15.51:732][  0]LogConfig: Setting CVar [[r.GBufferFormat:1]]
[2024.05.22-20.15.51:732][  0]LogConfig: Setting CVar [[r.MorphTarget.Mode:1]]
[2024.05.22-20.15.51:732][  0]LogConfig: Setting CVar [[vr.InstancedStereo:0]]
[2024.05.22-20.15.51:732][  0]LogConfig: Setting CVar [[r.MobileHDR:1]]
[2024.05.22-20.15.51:732][  0]LogConfig: Setting CVar [[vr.MobileMultiView:0]]
[2024.05.22-20.15.51:732][  0]LogConfig: Setting CVar [[r.Mobile.UseHWsRGBEncoding:0]]
[2024.05.22-20.15.51:732][  0]LogConfig: Setting CVar [[vr.RoundRobinOcclusion:0]]
[2024.05.22-20.15.51:732][  0]LogConfig: Setting CVar [[vr.ODSCapture:0]]
[2024.05.22-20.15.51:732][  0]LogConfig: Setting CVar [[r.MeshStreaming:0]]
[2024.05.22-20.15.51:732][  0]LogConfig: Setting CVar [[r.WireframeCullThreshold:5.000000]]
[2024.05.22-20.15.51:732][  0]LogConfig: Setting CVar [[r.RayTracing:0]]
[2024.05.22-20.15.51:732][  0]LogConfig: Setting CVar [[r.RayTracing.UseTextureLod:0]]
[2024.05.22-20.15.51:732][  0]LogConfig: Setting CVar [[r.SupportStationarySkylight:1]]
[2024.05.22-20.15.51:732][  0]LogConfig: Setting CVar [[r.SupportLowQualityLightmaps:1]]
[2024.05.22-20.15.51:732][  0]LogConfig: Setting CVar [[r.SupportPointLightWholeSceneShadows:1]]
[2024.05.22-20.15.51:732][  0]LogConfig: Setting CVar [[r.SupportAtmosphericFog:1]]
[2024.05.22-20.15.51:732][  0]LogConfig: Setting CVar [[r.SupportSkyAtmosphere:1]]
[2024.05.22-20.15.51:732][  0]LogConfig: Setting CVar [[r.SupportSkyAtmosphereAffectsHeightFog:0]]
[2024.05.22-20.15.51:732][  0]LogConfig: Setting CVar [[r.SkinCache.CompileShaders:0]]
[2024.05.22-20.15.51:732][  0]LogConfig: Setting CVar [[r.SkinCache.DefaultBehavior:1]]
[2024.05.22-20.15.51:732][  0]LogConfig: Setting CVar [[r.SkinCache.SceneMemoryLimitInMB:128.000000]]
[2024.05.22-20.15.51:732][  0]LogConfig: Setting CVar [[r.Mobile.EnableStaticAndCSMShadowReceivers:1]]
[2024.05.22-20.15.51:732][  0]LogConfig: Setting CVar [[r.Mobile.EnableMovableLightCSMShaderCulling:1]]
[2024.05.22-20.15.51:732][  0]LogConfig: Setting CVar [[r.Mobile.AllowDistanceFieldShadows:1]]
[2024.05.22-20.15.51:732][  0]LogConfig: Setting CVar [[r.Mobile.AllowMovableDirectionalLights:1]]
[2024.05.22-20.15.51:732][  0]LogConfig: Setting CVar [[r.MobileNumDynamicPointLights:4]]
[2024.05.22-20.15.51:732][  0]LogConfig: Setting CVar [[r.MobileDynamicPointLightsUseStaticBranch:1]]
[2024.05.22-20.15.51:732][  0]LogConfig: Setting CVar [[r.Mobile.EnableMovableSpotlights:0]]
[2024.05.22-20.15.51:732][  0]LogConfig: Setting CVar [[r.Mobile.EnableMovableSpotlightsShadow:0]]
[2024.05.22-20.15.51:732][  0]LogConfig: Setting CVar [[r.GPUSkin.Support16BitBoneIndex:0]]
[2024.05.22-20.15.51:732][  0]LogConfig: Setting CVar [[r.GPUSkin.Limit2BoneInfluences:0]]
[2024.05.22-20.15.51:733][  0]LogConfig: Setting CVar [[r.SupportDepthOnlyIndexBuffers:1]]
[2024.05.22-20.15.51:733][  0]LogConfig: Setting CVar [[r.SupportReversedIndexBuffers:1]]
[2024.05.22-20.15.51:733][  0]LogConfig: Setting CVar [[r.LightPropagationVolume:0]]
[2024.05.22-20.15.51:733][  0]LogConfig: Setting CVar [[r.Mobile.AmbientOcclusion:0]]
[2024.05.22-20.15.51:733][  0]LogConfig: Setting CVar [[r.GPUSkin.UnlimitedBoneInfluences:0]]
[2024.05.22-20.15.51:733][  0]LogConfig: Setting CVar [[r.GPUSkin.UnlimitedBoneInfluencesThreshold:8]]
[2024.05.22-20.15.51:733][  0]LogConfig: Setting CVar [[r.Mobile.PlanarReflectionMode:0]]
[2024.05.22-20.15.51:733][  0]LogConfig: Setting CVar [[r.Mobile.SupportsGen4TAA:0]]
[2024.05.22-20.15.51:733][  0]LogConfig: Applying CVar settings from Section [/Script/Engine.RendererOverrideSettings] File [D:/Develop/Unreal Projects/FirstBPProjectUE/Saved/Config/Windows/Engine.ini]
[2024.05.22-20.15.51:733][  0]LogConfig: Applying CVar settings from Section [/Script/Engine.StreamingSettings] File [D:/Develop/Unreal Projects/FirstBPProjectUE/Saved/Config/Windows/Engine.ini]
[2024.05.22-20.15.51:733][  0]LogConfig: Setting CVar [[s.MinBulkDataSizeForAsyncLoading:131072]]
[2024.05.22-20.15.51:733][  0]LogConfig: Setting CVar [[s.AsyncLoadingThreadEnabled:0]]
[2024.05.22-20.15.51:733][  0]LogConfig: Setting CVar [[s.EventDrivenLoaderEnabled:1]]
[2024.05.22-20.15.51:733][  0]LogConfig: Setting CVar [[s.WarnIfTimeLimitExceeded:0]]
[2024.05.22-20.15.51:733][  0]LogConfig: Setting CVar [[s.TimeLimitExceededMultiplier:1.5]]
[2024.05.22-20.15.51:733][  0]LogConfig: Setting CVar [[s.TimeLimitExceededMinTime:0.005]]
[2024.05.22-20.15.51:733][  0]LogConfig: Setting CVar [[s.UseBackgroundLevelStreaming:1]]
[2024.05.22-20.15.51:733][  0]LogConfig: Setting CVar [[s.PriorityAsyncLoadingExtraTime:15.0]]
[2024.05.22-20.15.51:733][  0]LogConfig: Setting CVar [[s.LevelStreamingActorsUpdateTimeLimit:5.0]]
[2024.05.22-20.15.51:733][  0]LogConfig: Setting CVar [[s.PriorityLevelStreamingActorsUpdateExtraTime:5.0]]
[2024.05.22-20.15.51:733][  0]LogConfig: Setting CVar [[s.LevelStreamingComponentsRegistrationGranularity:10]]
[2024.05.22-20.15.51:733][  0]LogConfig: Setting CVar [[s.UnregisterComponentsTimeLimit:1.0]]
[2024.05.22-20.15.51:733][  0]LogConfig: Setting CVar [[s.LevelStreamingComponentsUnregistrationGranularity:5]]
[2024.05.22-20.15.51:733][  0]LogConfig: Setting CVar [[s.FlushStreamingOnExit:1]]
[2024.05.22-20.15.51:733][  0]LogConfig: Applying CVar settings from Section [/Script/Engine.GarbageCollectionSettings] File [D:/Develop/Unreal Projects/FirstBPProjectUE/Saved/Config/Windows/Engine.ini]
[2024.05.22-20.15.51:733][  0]LogConfig: Setting CVar [[gc.MaxObjectsNotConsideredByGC:1]]
[2024.05.22-20.15.51:733][  0]LogConfig: Setting CVar [[gc.SizeOfPermanentObjectPool:0]]
[2024.05.22-20.15.51:733][  0]LogConfig: Setting CVar [[gc.FlushStreamingOnGC:0]]
[2024.05.22-20.15.51:733][  0]LogConfig: Setting CVar [[gc.NumRetriesBeforeForcingGC:10]]
[2024.05.22-20.15.51:733][  0]LogConfig: Setting CVar [[gc.AllowParallelGC:1]]
[2024.05.22-20.15.51:733][  0]LogConfig: Setting CVar [[gc.TimeBetweenPurgingPendingKillObjects:61.1]]
[2024.05.22-20.15.51:733][  0]LogConfig: Setting CVar [[gc.MaxObjectsInEditor:25165824]]
[2024.05.22-20.15.51:733][  0]LogConfig: Setting CVar [[gc.IncrementalBeginDestroyEnabled:1]]
[2024.05.22-20.15.51:733][  0]LogConfig: Setting CVar [[gc.CreateGCClusters:1]]
[2024.05.22-20.15.51:733][  0]LogConfig: Setting CVar [[gc.MinGCClusterSize:5]]
[2024.05.22-20.15.51:733][  0]LogConfig: Setting CVar [[gc.ActorClusteringEnabled:0]]
[2024.05.22-20.15.51:733][  0]LogConfig: Setting CVar [[gc.BlueprintClusteringEnabled:0]]
[2024.05.22-20.15.51:733][  0]LogConfig: Setting CVar [[gc.UseDisregardForGCOnDedicatedServers:0]]
[2024.05.22-20.15.51:733][  0]LogConfig: Setting CVar [[gc.MultithreadedDestructionEnabled:1]]
[2024.05.22-20.15.51:733][  0]LogConfig: Applying CVar settings from Section [/Script/Engine.NetworkSettings] File [D:/Develop/Unreal Projects/FirstBPProjectUE/Saved/Config/Windows/Engine.ini]
[2024.05.22-20.15.51:733][  0]LogConfig: Applying CVar settings from Section [/Script/UnrealEd.CookerSettings] File [D:/Develop/Unreal Projects/FirstBPProjectUE/Saved/Config/Windows/Engine.ini]
[2024.05.22-20.15.51:740][  0]LogConfig: Applying CVar settings from Section [ViewDistanceQuality@3] File [D:/Develop/Unreal Projects/FirstBPProjectUE/Saved/Config/Windows/Scalability.ini]
[2024.05.22-20.15.51:740][  0]LogConfig: Setting CVar [[r.SkeletalMeshLODBias:0]]
[2024.05.22-20.15.51:740][  0]LogConfig: Setting CVar [[r.ViewDistanceScale:1.0]]
[2024.05.22-20.15.51:740][  0]LogConfig: Applying CVar settings from Section [AntiAliasingQuality@3] File [D:/Develop/Unreal Projects/FirstBPProjectUE/Saved/Config/Windows/Scalability.ini]
[2024.05.22-20.15.51:740][  0]LogConfig: Setting CVar [[r.PostProcessAAQuality:4]]
[2024.05.22-20.15.51:740][  0]LogConfig: Applying CVar settings from Section [ShadowQuality@3] File [D:/Develop/Unreal Projects/FirstBPProjectUE/Saved/Config/Windows/Scalability.ini]
[2024.05.22-20.15.51:740][  0]LogConfig: Setting CVar [[r.LightFunctionQuality:1]]
[2024.05.22-20.15.51:740][  0]LogConfig: Setting CVar [[r.ShadowQuality:5]]
[2024.05.22-20.15.51:740][  0]LogConfig: Setting CVar [[r.Shadow.CSM.MaxCascades:10]]
[2024.05.22-20.15.51:740][  0]LogConfig: Setting CVar [[r.Shadow.MaxResolution:2048]]
[2024.05.22-20.15.51:740][  0]LogConfig: Setting CVar [[r.Shadow.MaxCSMResolution:2048]]
[2024.05.22-20.15.51:740][  0]LogConfig: Setting CVar [[r.Shadow.RadiusThreshold:0.01]]
[2024.05.22-20.15.51:740][  0]LogConfig: Setting CVar [[r.Shadow.DistanceScale:1.0]]
[2024.05.22-20.15.51:740][  0]LogConfig: Setting CVar [[r.Shadow.CSM.TransitionScale:1.0]]
[2024.05.22-20.15.51:740][  0]LogConfig: Setting CVar [[r.Shadow.PreShadowResolutionFactor:1.0]]
[2024.05.22-20.15.51:740][  0]LogConfig: Setting CVar [[r.DistanceFieldShadowing:1]]
[2024.05.22-20.15.51:740][  0]LogConfig: Setting CVar [[r.DistanceFieldAO:1]]
[2024.05.22-20.15.51:740][  0]LogConfig: Setting CVar [[r.AOQuality:2]]
[2024.05.22-20.15.51:740][  0]LogConfig: Setting CVar [[r.VolumetricFog:1]]
[2024.05.22-20.15.51:740][  0]LogConfig: Setting CVar [[r.VolumetricFog.GridPixelSize:8]]
[2024.05.22-20.15.51:740][  0]LogConfig: Setting CVar [[r.VolumetricFog.GridSizeZ:128]]
[2024.05.22-20.15.51:740][  0]LogConfig: Setting CVar [[r.VolumetricFog.HistoryMissSupersampleCount:4]]
[2024.05.22-20.15.51:740][  0]LogConfig: Setting CVar [[r.LightMaxDrawDistanceScale:1]]
[2024.05.22-20.15.51:740][  0]LogConfig: Setting CVar [[r.CapsuleShadows:1]]
[2024.05.22-20.15.51:741][  0]LogConfig: Applying CVar settings from Section [PostProcessQuality@3] File [D:/Develop/Unreal Projects/FirstBPProjectUE/Saved/Config/Windows/Scalability.ini]
[2024.05.22-20.15.51:741][  0]LogConfig: Setting CVar [[r.MotionBlurQuality:4]]
[2024.05.22-20.15.51:741][  0]LogConfig: Setting CVar [[r.AmbientOcclusionMipLevelFactor:0.4]]
[2024.05.22-20.15.51:741][  0]LogConfig: Setting CVar [[r.AmbientOcclusionMaxQuality:100]]
[2024.05.22-20.15.51:741][  0]LogConfig: Setting CVar [[r.AmbientOcclusionLevels:-1]]
[2024.05.22-20.15.51:741][  0]LogConfig: Setting CVar [[r.AmbientOcclusionRadiusScale:1.0]]
[2024.05.22-20.15.51:741][  0]LogConfig: Setting CVar [[r.DepthOfFieldQuality:2]]
[2024.05.22-20.15.51:741][  0]LogConfig: Setting CVar [[r.RenderTargetPoolMin:400]]
[2024.05.22-20.15.51:741][  0]LogConfig: Setting CVar [[r.LensFlareQuality:2]]
[2024.05.22-20.15.51:741][  0]LogConfig: Setting CVar [[r.SceneColorFringeQuality:1]]
[2024.05.22-20.15.51:741][  0]LogConfig: Setting CVar [[r.EyeAdaptationQuality:2]]
[2024.05.22-20.15.51:741][  0]LogConfig: Setting CVar [[r.BloomQuality:5]]
[2024.05.22-20.15.51:741][  0]LogConfig: Setting CVar [[r.FastBlurThreshold:100]]
[2024.05.22-20.15.51:741][  0]LogConfig: Setting CVar [[r.Upscale.Quality:3]]
[2024.05.22-20.15.51:741][  0]LogConfig: Setting CVar [[r.Tonemapper.GrainQuantization:1]]
[2024.05.22-20.15.51:741][  0]LogConfig: Setting CVar [[r.LightShaftQuality:1]]
[2024.05.22-20.15.51:741][  0]LogConfig: Setting CVar [[r.Filter.SizeScale:1]]
[2024.05.22-20.15.51:741][  0]LogConfig: Setting CVar [[r.Tonemapper.Quality:5]]
[2024.05.22-20.15.51:741][  0]LogConfig: Setting CVar [[r.DOF.Gather.AccumulatorQuality:1        ; higher gathering accumulator quality]]
[2024.05.22-20.15.51:741][  0]LogConfig: Setting CVar [[r.DOF.Gather.PostfilterMethod:1          ; Median3x3 postfilering method]]
[2024.05.22-20.15.51:741][  0]LogConfig: Setting CVar [[r.DOF.Gather.EnableBokehSettings:0       ; no bokeh simulation when gathering]]
[2024.05.22-20.15.51:741][  0]LogConfig: Setting CVar [[r.DOF.Gather.RingCount:4                 ; medium number of samples when gathering]]
[2024.05.22-20.15.51:741][  0]LogConfig: Setting CVar [[r.DOF.Scatter.ForegroundCompositing:1    ; additive foreground scattering]]
[2024.05.22-20.15.51:741][  0]LogConfig: Setting CVar [[r.DOF.Scatter.BackgroundCompositing:2    ; additive background scattering]]
[2024.05.22-20.15.51:741][  0]LogConfig: Setting CVar [[r.DOF.Scatter.EnableBokehSettings:1      ; bokeh simulation when scattering]]
[2024.05.22-20.15.51:741][  0]LogConfig: Setting CVar [[r.DOF.Scatter.MaxSpriteRatio:0.1         ; only a maximum of 10% of scattered bokeh]]
[2024.05.22-20.15.51:741][  0]LogConfig: Setting CVar [[r.DOF.Recombine.Quality:1                ; cheap slight out of focus]]
[2024.05.22-20.15.51:741][  0]LogConfig: Setting CVar [[r.DOF.Recombine.EnableBokehSettings:0    ; no bokeh simulation on slight out of focus]]
[2024.05.22-20.15.51:741][  0]LogConfig: Setting CVar [[r.DOF.TemporalAAQuality:1                ; more stable temporal accumulation]]
[2024.05.22-20.15.51:741][  0]LogConfig: Setting CVar [[r.DOF.Kernel.MaxForegroundRadius:0.025]]
[2024.05.22-20.15.51:741][  0]LogConfig: Setting CVar [[r.DOF.Kernel.MaxBackgroundRadius:0.025]]
[2024.05.22-20.15.51:741][  0]LogConfig: Applying CVar settings from Section [TextureQuality@3] File [D:/Develop/Unreal Projects/FirstBPProjectUE/Saved/Config/Windows/Scalability.ini]
[2024.05.22-20.15.51:742][  0]LogConfig: Setting CVar [[r.Streaming.MipBias:0]]
[2024.05.22-20.15.51:742][  0]LogConfig: Setting CVar [[r.Streaming.AmortizeCPUToGPUCopy:0]]
[2024.05.22-20.15.51:742][  0]LogConfig: Setting CVar [[r.Streaming.MaxNumTexturesToStreamPerFrame:0]]
[2024.05.22-20.15.51:742][  0]LogConfig: Setting CVar [[r.Streaming.Boost:1]]
[2024.05.22-20.15.51:742][  0]LogConfig: Setting CVar [[r.MaxAnisotropy:8]]
[2024.05.22-20.15.51:742][  0]LogConfig: Setting CVar [[r.VT.MaxAnisotropy:8]]
[2024.05.22-20.15.51:742][  0]LogConfig: Setting CVar [[r.Streaming.LimitPoolSizeToVRAM:0]]
[2024.05.22-20.15.51:742][  0]LogConfig: Setting CVar [[r.Streaming.PoolSize:1000]]
[2024.05.22-20.15.51:742][  0]LogConfig: Setting CVar [[r.Streaming.MaxEffectiveScreenSize:0]]
[2024.05.22-20.15.51:742][  0]LogConfig: Applying CVar settings from Section [EffectsQuality@3] File [D:/Develop/Unreal Projects/FirstBPProjectUE/Saved/Config/Windows/Scalability.ini]
[2024.05.22-20.15.51:742][  0]LogConfig: Setting CVar [[r.TranslucencyLightingVolumeDim:64]]
[2024.05.22-20.15.51:742][  0]LogConfig: Setting CVar [[r.RefractionQuality:2]]
[2024.05.22-20.15.51:742][  0]LogConfig: Setting CVar [[r.SSR.Quality:3]]
[2024.05.22-20.15.51:742][  0]LogConfig: Setting CVar [[r.SSR.HalfResSceneColor:0]]
[2024.05.22-20.15.51:742][  0]LogConfig: Setting CVar [[r.SceneColorFormat:4]]
[2024.05.22-20.15.51:742][  0]LogConfig: Setting CVar [[r.DetailMode:2]]
[2024.05.22-20.15.51:742][  0]LogConfig: Setting CVar [[r.TranslucencyVolumeBlur:1]]
[2024.05.22-20.15.51:742][  0]LogConfig: Setting CVar [[r.MaterialQualityLevel:1 ; High quality]]
[2024.05.22-20.15.51:742][  0]LogConfig: Setting CVar [[r.AnisotropicMaterials:1]]
[2024.05.22-20.15.51:742][  0]LogConfig: Setting CVar [[r.SSS.Scale:1]]
[2024.05.22-20.15.51:742][  0]LogConfig: Setting CVar [[r.SSS.SampleSet:2]]
[2024.05.22-20.15.51:742][  0]LogConfig: Setting CVar [[r.SSS.Quality:1]]
[2024.05.22-20.15.51:742][  0]LogConfig: Setting CVar [[r.SSS.HalfRes:0]]
[2024.05.22-20.15.51:742][  0]LogConfig: Setting CVar [[r.SSGI.Quality:3]]
[2024.05.22-20.15.51:742][  0]LogConfig: Setting CVar [[r.EmitterSpawnRateScale:1.0]]
[2024.05.22-20.15.51:742][  0]LogConfig: Setting CVar [[r.ParticleLightQuality:2]]
[2024.05.22-20.15.51:742][  0]LogConfig: Setting CVar [[r.SkyAtmosphere.AerialPerspectiveLUT.FastApplyOnOpaque:1 ; Always have FastSkyLUT 1 in this case to avoid wrong sky]]
[2024.05.22-20.15.51:742][  0]LogConfig: Setting CVar [[r.SkyAtmosphere.AerialPerspectiveLUT.SampleCountMaxPerSlice:4]]
[2024.05.22-20.15.51:742][  0]LogConfig: Setting CVar [[r.SkyAtmosphere.AerialPerspectiveLUT.DepthResolution:16.0]]
[2024.05.22-20.15.51:742][  0]LogConfig: Setting CVar [[r.SkyAtmosphere.FastSkyLUT:1]]
[2024.05.22-20.15.51:742][  0]LogConfig: Setting CVar [[r.SkyAtmosphere.FastSkyLUT.SampleCountMin:4.0]]
[2024.05.22-20.15.51:742][  0]LogConfig: Setting CVar [[r.SkyAtmosphere.FastSkyLUT.SampleCountMax:128.0]]
[2024.05.22-20.15.51:742][  0]LogConfig: Setting CVar [[r.SkyAtmosphere.SampleCountMin:4.0]]
[2024.05.22-20.15.51:742][  0]LogConfig: Setting CVar [[r.SkyAtmosphere.SampleCountMax:128.0]]
[2024.05.22-20.15.51:742][  0]LogConfig: Setting CVar [[r.SkyAtmosphere.TransmittanceLUT.UseSmallFormat:0]]
[2024.05.22-20.15.51:742][  0]LogConfig: Setting CVar [[r.SkyAtmosphere.TransmittanceLUT.SampleCount:10.0]]
[2024.05.22-20.15.51:742][  0]LogConfig: Setting CVar [[r.SkyAtmosphere.MultiScatteringLUT.SampleCount:15.0]]
[2024.05.22-20.15.51:742][  0]LogConfig: Setting CVar [[r.SkyLight.RealTimeReflectionCapture:1]]
[2024.05.22-20.15.51:742][  0]LogConfig: Applying CVar settings from Section [FoliageQuality@3] File [D:/Develop/Unreal Projects/FirstBPProjectUE/Saved/Config/Windows/Scalability.ini]
[2024.05.22-20.15.51:742][  0]LogConfig: Setting CVar [[foliage.DensityScale:1.0]]
[2024.05.22-20.15.51:742][  0]LogConfig: Setting CVar [[grass.DensityScale:1.0]]
[2024.05.22-20.15.51:742][  0]LogConfig: Applying CVar settings from Section [ShadingQuality@3] File [D:/Develop/Unreal Projects/FirstBPProjectUE/Saved/Config/Windows/Scalability.ini]
[2024.05.22-20.15.51:742][  0]LogConfig: Setting CVar [[r.HairStrands.SkyLighting.IntegrationType:2]]
[2024.05.22-20.15.51:742][  0]LogConfig: Setting CVar [[r.HairStrands.SkyAO.SampleCount:4]]
[2024.05.22-20.15.51:742][  0]LogConfig: Setting CVar [[r.HairStrands.Visibility.MSAA.SamplePerPixel:4]]
[2024.05.22-20.15.51:742][  0]LogInit: Selected Device Profile: [Windows]
[2024.05.22-20.15.51:742][  0]LogInit: Applying CVar settings loaded from the selected device profile: [Windows]
[2024.05.22-20.15.51:743][  0]LogHAL: Display: Platform has ~ 12 GB [12762009600 / 17179869184 / 12], which maps to Larger [LargestMinGB=32, LargerMinGB=12, DefaultMinGB=8, SmallerMinGB=6, SmallestMinGB=0)
[2024.05.22-20.15.51:743][  0]LogInit: Going up to parent DeviceProfile []
[2024.05.22-20.15.51:743][  0]LogConfig: Applying CVar settings from Section [ViewDistanceQuality@3] File [D:/Develop/Unreal Projects/FirstBPProjectUE/Saved/Config/Windows/Scalability.ini]
[2024.05.22-20.15.51:743][  0]LogConfig: Setting CVar [[r.SkeletalMeshLODBias:0]]
[2024.05.22-20.15.51:743][  0]LogConfig: Setting CVar [[r.ViewDistanceScale:1.0]]
[2024.05.22-20.15.51:743][  0]LogConfig: Applying CVar settings from Section [AntiAliasingQuality@3] File [D:/Develop/Unreal Projects/FirstBPProjectUE/Saved/Config/Windows/Scalability.ini]
[2024.05.22-20.15.51:743][  0]LogConfig: Setting CVar [[r.PostProcessAAQuality:4]]
[2024.05.22-20.15.51:743][  0]LogConfig: Applying CVar settings from Section [ShadowQuality@3] File [D:/Develop/Unreal Projects/FirstBPProjectUE/Saved/Config/Windows/Scalability.ini]
[2024.05.22-20.15.51:743][  0]LogConfig: Setting CVar [[r.LightFunctionQuality:1]]
[2024.05.22-20.15.51:743][  0]LogConfig: Setting CVar [[r.ShadowQuality:5]]
[2024.05.22-20.15.51:743][  0]LogConfig: Setting CVar [[r.Shadow.CSM.MaxCascades:10]]
[2024.05.22-20.15.51:743][  0]LogConfig: Setting CVar [[r.Shadow.MaxResolution:2048]]
[2024.05.22-20.15.51:743][  0]LogConfig: Setting CVar [[r.Shadow.MaxCSMResolution:2048]]
[2024.05.22-20.15.51:743][  0]LogConfig: Setting CVar [[r.Shadow.RadiusThreshold:0.01]]
[2024.05.22-20.15.51:743][  0]LogConfig: Setting CVar [[r.Shadow.DistanceScale:1.0]]
[2024.05.22-20.15.51:743][  0]LogConfig: Setting CVar [[r.Shadow.CSM.TransitionScale:1.0]]
[2024.05.22-20.15.51:743][  0]LogConfig: Setting CVar [[r.Shadow.PreShadowResolutionFactor:1.0]]
[2024.05.22-20.15.51:743][  0]LogConfig: Setting CVar [[r.DistanceFieldShadowing:1]]
[2024.05.22-20.15.51:743][  0]LogConfig: Setting CVar [[r.DistanceFieldAO:1]]
[2024.05.22-20.15.51:743][  0]LogConfig: Setting CVar [[r.AOQuality:2]]
[2024.05.22-20.15.51:743][  0]LogConfig: Setting CVar [[r.VolumetricFog:1]]
[2024.05.22-20.15.51:743][  0]LogConfig: Setting CVar [[r.VolumetricFog.GridPixelSize:8]]
[2024.05.22-20.15.51:743][  0]LogConfig: Setting CVar [[r.VolumetricFog.GridSizeZ:128]]
[2024.05.22-20.15.51:743][  0]LogConfig: Setting CVar [[r.VolumetricFog.HistoryMissSupersampleCount:4]]
[2024.05.22-20.15.51:743][  0]LogConfig: Setting CVar [[r.LightMaxDrawDistanceScale:1]]
[2024.05.22-20.15.51:743][  0]LogConfig: Setting CVar [[r.CapsuleShadows:1]]
[2024.05.22-20.15.51:743][  0]LogConfig: Applying CVar settings from Section [PostProcessQuality@3] File [D:/Develop/Unreal Projects/FirstBPProjectUE/Saved/Config/Windows/Scalability.ini]
[2024.05.22-20.15.51:743][  0]LogConfig: Setting CVar [[r.MotionBlurQuality:4]]
[2024.05.22-20.15.51:743][  0]LogConfig: Setting CVar [[r.AmbientOcclusionMipLevelFactor:0.4]]
[2024.05.22-20.15.51:743][  0]LogConfig: Setting CVar [[r.AmbientOcclusionMaxQuality:100]]
[2024.05.22-20.15.51:743][  0]LogConfig: Setting CVar [[r.AmbientOcclusionLevels:-1]]
[2024.05.22-20.15.51:743][  0]LogConfig: Setting CVar [[r.AmbientOcclusionRadiusScale:1.0]]
[2024.05.22-20.15.51:743][  0]LogConfig: Setting CVar [[r.DepthOfFieldQuality:2]]
[2024.05.22-20.15.51:743][  0]LogConfig: Setting CVar [[r.RenderTargetPoolMin:400]]
[2024.05.22-20.15.51:743][  0]LogConfig: Setting CVar [[r.LensFlareQuality:2]]
[2024.05.22-20.15.51:743][  0]LogConfig: Setting CVar [[r.SceneColorFringeQuality:1]]
[2024.05.22-20.15.51:743][  0]LogConfig: Setting CVar [[r.EyeAdaptationQuality:2]]
[2024.05.22-20.15.51:743][  0]LogConfig: Setting CVar [[r.BloomQuality:5]]
[2024.05.22-20.15.51:743][  0]LogConfig: Setting CVar [[r.FastBlurThreshold:100]]
[2024.05.22-20.15.51:743][  0]LogConfig: Setting CVar [[r.Upscale.Quality:3]]
[2024.05.22-20.15.51:743][  0]LogConfig: Setting CVar [[r.Tonemapper.GrainQuantization:1]]
[2024.05.22-20.15.51:743][  0]LogConfig: Setting CVar [[r.LightShaftQuality:1]]
[2024.05.22-20.15.51:743][  0]LogConfig: Setting CVar [[r.Filter.SizeScale:1]]
[2024.05.22-20.15.51:743][  0]LogConfig: Setting CVar [[r.Tonemapper.Quality:5]]
[2024.05.22-20.15.51:743][  0]LogConfig: Setting CVar [[r.DOF.Gather.AccumulatorQuality:1        ; higher gathering accumulator quality]]
[2024.05.22-20.15.51:743][  0]LogConfig: Setting CVar [[r.DOF.Gather.PostfilterMethod:1          ; Median3x3 postfilering method]]
[2024.05.22-20.15.51:743][  0]LogConfig: Setting CVar [[r.DOF.Gather.EnableBokehSettings:0       ; no bokeh simulation when gathering]]
[2024.05.22-20.15.51:743][  0]LogConfig: Setting CVar [[r.DOF.Gather.RingCount:4                 ; medium number of samples when gathering]]
[2024.05.22-20.15.51:743][  0]LogConfig: Setting CVar [[r.DOF.Scatter.ForegroundCompositing:1    ; additive foreground scattering]]
[2024.05.22-20.15.51:743][  0]LogConfig: Setting CVar [[r.DOF.Scatter.BackgroundCompositing:2    ; additive background scattering]]
[2024.05.22-20.15.51:743][  0]LogConfig: Setting CVar [[r.DOF.Scatter.EnableBokehSettings:1      ; bokeh simulation when scattering]]
[2024.05.22-20.15.51:743][  0]LogConfig: Setting CVar [[r.DOF.Scatter.MaxSpriteRatio:0.1         ; only a maximum of 10% of scattered bokeh]]
[2024.05.22-20.15.51:743][  0]LogConfig: Setting CVar [[r.DOF.Recombine.Quality:1                ; cheap slight out of focus]]
[2024.05.22-20.15.51:743][  0]LogConfig: Setting CVar [[r.DOF.Recombine.EnableBokehSettings:0    ; no bokeh simulation on slight out of focus]]
[2024.05.22-20.15.51:743][  0]LogConfig: Setting CVar [[r.DOF.TemporalAAQuality:1                ; more stable temporal accumulation]]
[2024.05.22-20.15.51:743][  0]LogConfig: Setting CVar [[r.DOF.Kernel.MaxForegroundRadius:0.025]]
[2024.05.22-20.15.51:743][  0]LogConfig: Setting CVar [[r.DOF.Kernel.MaxBackgroundRadius:0.025]]
[2024.05.22-20.15.51:743][  0]LogConfig: Applying CVar settings from Section [TextureQuality@3] File [D:/Develop/Unreal Projects/FirstBPProjectUE/Saved/Config/Windows/Scalability.ini]
[2024.05.22-20.15.51:743][  0]LogConfig: Setting CVar [[r.Streaming.MipBias:0]]
[2024.05.22-20.15.51:743][  0]LogConfig: Setting CVar [[r.Streaming.AmortizeCPUToGPUCopy:0]]
[2024.05.22-20.15.51:743][  0]LogConfig: Setting CVar [[r.Streaming.MaxNumTexturesToStreamPerFrame:0]]
[2024.05.22-20.15.51:743][  0]LogConfig: Setting CVar [[r.Streaming.Boost:1]]
[2024.05.22-20.15.51:743][  0]LogConfig: Setting CVar [[r.MaxAnisotropy:8]]
[2024.05.22-20.15.51:743][  0]LogConfig: Setting CVar [[r.VT.MaxAnisotropy:8]]
[2024.05.22-20.15.51:743][  0]LogConfig: Setting CVar [[r.Streaming.LimitPoolSizeToVRAM:0]]
[2024.05.22-20.15.51:743][  0]LogConfig: Setting CVar [[r.Streaming.PoolSize:1000]]
[2024.05.22-20.15.51:743][  0]LogConfig: Setting CVar [[r.Streaming.MaxEffectiveScreenSize:0]]
[2024.05.22-20.15.51:743][  0]LogConfig: Applying CVar settings from Section [EffectsQuality@3] File [D:/Develop/Unreal Projects/FirstBPProjectUE/Saved/Config/Windows/Scalability.ini]
[2024.05.22-20.15.51:744][  0]LogConfig: Setting CVar [[r.TranslucencyLightingVolumeDim:64]]
[2024.05.22-20.15.51:744][  0]LogConfig: Setting CVar [[r.RefractionQuality:2]]
[2024.05.22-20.15.51:744][  0]LogConfig: Setting CVar [[r.SSR.Quality:3]]
[2024.05.22-20.15.51:744][  0]LogConfig: Setting CVar [[r.SSR.HalfResSceneColor:0]]
[2024.05.22-20.15.51:744][  0]LogConfig: Setting CVar [[r.SceneColorFormat:4]]
[2024.05.22-20.15.51:744][  0]LogConfig: Setting CVar [[r.DetailMode:2]]
[2024.05.22-20.15.51:744][  0]LogConfig: Setting CVar [[r.TranslucencyVolumeBlur:1]]
[2024.05.22-20.15.51:744][  0]LogConfig: Setting CVar [[r.MaterialQualityLevel:1 ; High quality]]
[2024.05.22-20.15.51:744][  0]LogConfig: Setting CVar [[r.AnisotropicMaterials:1]]
[2024.05.22-20.15.51:744][  0]LogConfig: Setting CVar [[r.SSS.Scale:1]]
[2024.05.22-20.15.51:744][  0]LogConfig: Setting CVar [[r.SSS.SampleSet:2]]
[2024.05.22-20.15.51:744][  0]LogConfig: Setting CVar [[r.SSS.Quality:1]]
[2024.05.22-20.15.51:744][  0]LogConfig: Setting CVar [[r.SSS.HalfRes:0]]
[2024.05.22-20.15.51:744][  0]LogConfig: Setting CVar [[r.SSGI.Quality:3]]
[2024.05.22-20.15.51:744][  0]LogConfig: Setting CVar [[r.EmitterSpawnRateScale:1.0]]
[2024.05.22-20.15.51:744][  0]LogConfig: Setting CVar [[r.ParticleLightQuality:2]]
[2024.05.22-20.15.51:744][  0]LogConfig: Setting CVar [[r.SkyAtmosphere.AerialPerspectiveLUT.FastApplyOnOpaque:1 ; Always have FastSkyLUT 1 in this case to avoid wrong sky]]
[2024.05.22-20.15.51:744][  0]LogConfig: Setting CVar [[r.SkyAtmosphere.AerialPerspectiveLUT.SampleCountMaxPerSlice:4]]
[2024.05.22-20.15.51:744][  0]LogConfig: Setting CVar [[r.SkyAtmosphere.AerialPerspectiveLUT.DepthResolution:16.0]]
[2024.05.22-20.15.51:744][  0]LogConfig: Setting CVar [[r.SkyAtmosphere.FastSkyLUT:1]]
[2024.05.22-20.15.51:744][  0]LogConfig: Setting CVar [[r.SkyAtmosphere.FastSkyLUT.SampleCountMin:4.0]]
[2024.05.22-20.15.51:744][  0]LogConfig: Setting CVar [[r.SkyAtmosphere.FastSkyLUT.SampleCountMax:128.0]]
[2024.05.22-20.15.51:744][  0]LogConfig: Setting CVar [[r.SkyAtmosphere.SampleCountMin:4.0]]
[2024.05.22-20.15.51:744][  0]LogConfig: Setting CVar [[r.SkyAtmosphere.SampleCountMax:128.0]]
[2024.05.22-20.15.51:744][  0]LogConfig: Setting CVar [[r.SkyAtmosphere.TransmittanceLUT.UseSmallFormat:0]]
[2024.05.22-20.15.51:744][  0]LogConfig: Setting CVar [[r.SkyAtmosphere.TransmittanceLUT.SampleCount:10.0]]
[2024.05.22-20.15.51:744][  0]LogConfig: Setting CVar [[r.SkyAtmosphere.MultiScatteringLUT.SampleCount:15.0]]
[2024.05.22-20.15.51:744][  0]LogConfig: Setting CVar [[r.SkyLight.RealTimeReflectionCapture:1]]
[2024.05.22-20.15.51:744][  0]LogConfig: Applying CVar settings from Section [FoliageQuality@3] File [D:/Develop/Unreal Projects/FirstBPProjectUE/Saved/Config/Windows/Scalability.ini]
[2024.05.22-20.15.51:744][  0]LogConfig: Setting CVar [[foliage.DensityScale:1.0]]
[2024.05.22-20.15.51:744][  0]LogConfig: Setting CVar [[grass.DensityScale:1.0]]
[2024.05.22-20.15.51:744][  0]LogConfig: Applying CVar settings from Section [ShadingQuality@3] File [D:/Develop/Unreal Projects/FirstBPProjectUE/Saved/Config/Windows/Scalability.ini]
[2024.05.22-20.15.51:744][  0]LogConfig: Setting CVar [[r.HairStrands.SkyLighting.IntegrationType:2]]
[2024.05.22-20.15.51:744][  0]LogConfig: Setting CVar [[r.HairStrands.SkyAO.SampleCount:4]]
[2024.05.22-20.15.51:744][  0]LogConfig: Setting CVar [[r.HairStrands.Visibility.MSAA.SamplePerPixel:4]]
[2024.05.22-20.15.51:744][  0]LogConfig: Applying CVar settings from Section [Startup] File [../../../Engine/Config/ConsoleVariables.ini]
[2024.05.22-20.15.51:744][  0]LogConfig: Setting CVar [[net.UseAdaptiveNetUpdateFrequency:0]]
[2024.05.22-20.15.51:744][  0]LogConfig: Setting CVar [[p.chaos.AllowCreatePhysxBodies:1]]
[2024.05.22-20.15.51:744][  0]LogConfig: Setting CVar [[fx.SkipVectorVMBackendOptimizations:1]]
[2024.05.22-20.15.51:744][  0]LogConfig: Applying CVar settings from Section [ConsoleVariables] File [D:/Develop/Unreal Projects/FirstBPProjectUE/Saved/Config/Windows/Engine.ini]
[2024.05.22-20.15.51:744][  0]LogConfig: Applying CVar settings from Section [ConsoleVariables] File [D:/Develop/Unreal Projects/FirstBPProjectUE/Saved/Config/Windows/Editor.ini]
[2024.05.22-20.15.51:744][  0]LogInit: Computer: NICO
[2024.05.22-20.15.51:744][  0]LogInit: User: nicol
[2024.05.22-20.15.51:744][  0]LogInit: CPU Page size=4096, Cores=4
[2024.05.22-20.15.51:744][  0]LogInit: High frequency timer resolution =10.000000 MHz
[2024.05.22-20.15.51:744][  0]LogMemory: Memory total: Physical=11.9GB (12GB approx)
[2024.05.22-20.15.51:744][  0]LogMemory: Platform Memory Stats for Windows
[2024.05.22-20.15.51:744][  0]LogMemory: Process Physical Memory: 144.81 MB used, 144.81 MB peak
[2024.05.22-20.15.51:745][  0]LogMemory: Process Virtual Memory: 122.65 MB used, 122.65 MB peak
[2024.05.22-20.15.51:745][  0]LogMemory: Physical Memory: 10184.25 MB used,  1986.55 MB free, 12170.80 MB total
[2024.05.22-20.15.51:745][  0]LogMemory: Virtual Memory: 134215600.00 MB used,  2131.09 MB free, 134217728.00 MB total
[2024.05.22-20.15.51:750][  0]LogWindows: WindowsPlatformFeatures enabled
[2024.05.22-20.15.51:808][  0]LogInit: Physics initialised using underlying interface: PhysX
[2024.05.22-20.15.51:809][  0]LogInit: Using OS detected language (en-US).
[2024.05.22-20.15.51:809][  0]LogInit: Using OS detected locale (es-CO).
[2024.05.22-20.15.51:811][  0]LogTextLocalizationManager: No specific localization for 'en-US' exists, so the 'en' localization will be used.
[2024.05.22-20.15.52:042][  0]LogInit: Setting process to per monitor DPI aware
[2024.05.22-20.15.52:064][  0]LogWindowsTextInputMethodSystem: Display: IME system deactivated.
[2024.05.22-20.15.52:083][  0]LogSlate: New Slate User Created.  User Index 0, Is Virtual User: 0
[2024.05.22-20.15.52:083][  0]LogSlate: Slate User Registered.  User Index 0, Is Virtual User: 0
[2024.05.22-20.15.52:234][  0]LogD3D11RHI: Loaded GFSDK_Aftermath_Lib.x64.dll
[2024.05.22-20.15.52:369][  0]LogHMD: Failed to initialize OpenVR with code 110
[2024.05.22-20.15.52:369][  0]LogD3D11RHI: D3D11 min allowed feature level: 11_0
[2024.05.22-20.15.52:369][  0]LogD3D11RHI: D3D11 max allowed feature level: 11_0
[2024.05.22-20.15.52:369][  0]LogD3D11RHI: D3D11 adapters:
[2024.05.22-20.15.52:523][  0]LogD3D11RHI:    0. 'NVIDIA GeForce 930MX' (Feature Level 11_0)
[2024.05.22-20.15.52:523][  0]LogD3D11RHI:       2001/0/6085 MB DedicatedVideo/DedicatedSystem/SharedSystem, Outputs:1, VendorId:0x10de
[2024.05.22-20.15.52:556][  0]LogD3D11RHI:    1. 'Intel(R) UHD Graphics 620' (Feature Level 11_0)
[2024.05.22-20.15.52:556][  0]LogD3D11RHI:       128/0/6085 MB DedicatedVideo/DedicatedSystem/SharedSystem, Outputs:0, VendorId:0x8086
[2024.05.22-20.15.52:559][  0]LogD3D11RHI:    2. 'Microsoft Basic Render Driver' (Feature Level 11_0)
[2024.05.22-20.15.52:559][  0]LogD3D11RHI:       0/0/6085 MB DedicatedVideo/DedicatedSystem/SharedSystem, Outputs:0, VendorId:0x1414
[2024.05.22-20.15.52:559][  0]LogD3D11RHI: Chosen D3D11 Adapter:
[2024.05.22-20.15.52:559][  0]LogD3D11RHI:     Description : NVIDIA GeForce 930MX
[2024.05.22-20.15.52:559][  0]LogD3D11RHI:     VendorId    : 10de
[2024.05.22-20.15.52:559][  0]LogD3D11RHI:     DeviceId    : 134e
[2024.05.22-20.15.52:559][  0]LogD3D11RHI:     SubSysId    : 14be1043
[2024.05.22-20.15.52:559][  0]LogD3D11RHI:     Revision    : 00a2
[2024.05.22-20.15.52:559][  0]LogD3D11RHI:     DedicatedVideoMemory : 2098724864 bytes
[2024.05.22-20.15.52:559][  0]LogD3D11RHI:     DedicatedSystemMemory : 0 bytes
[2024.05.22-20.15.52:559][  0]LogD3D11RHI:     SharedSystemMemory : 6381004800 bytes
[2024.05.22-20.15.52:559][  0]LogD3D11RHI:     AdapterLuid : 0 71103
[2024.05.22-20.15.52:570][  0]LogD3D11RHI: Creating new Direct3DDevice
[2024.05.22-20.15.52:570][  0]LogD3D11RHI:     GPU DeviceId: 0x134e (for the marketing name, search the web for "GPU Device Id")
[2024.05.22-20.15.52:570][  0]LogWindows: EnumDisplayDevices:
[2024.05.22-20.15.52:570][  0]LogWindows:    0. 'Intel(R) UHD Graphics 620' (P:1 D:1)
[2024.05.22-20.15.52:570][  0]LogWindows:    1. 'Intel(R) UHD Graphics 620' (P:0 D:0)
[2024.05.22-20.15.52:571][  0]LogWindows:    2. 'Intel(R) UHD Graphics 620' (P:0 D:0)
[2024.05.22-20.15.52:571][  0]LogWindows: DebugString: PrimaryIsNotTheChoosenAdapter PrimaryIsNotTheChoosenAdapter PrimaryIsNotTheChoosenAdapter FoundDriverCount:0 
[2024.05.22-20.15.52:571][  0]LogD3D11RHI:     Adapter Name: NVIDIA GeForce 930MX
[2024.05.22-20.15.52:571][  0]LogD3D11RHI:   Driver Version: Unknown (internal:Unknown, unified:Unknown)
[2024.05.22-20.15.52:571][  0]LogD3D11RHI:      Driver Date: Unknown
[2024.05.22-20.15.52:571][  0]LogRHI: Texture pool is 1401 MB (70% of 2001 MB)
[2024.05.22-20.15.52:571][  0]LogD3D11RHI: Creating D3DDevice using adapter:
[2024.05.22-20.15.52:571][  0]LogD3D11RHI:     Description : NVIDIA GeForce 930MX
[2024.05.22-20.15.52:571][  0]LogD3D11RHI:     VendorId    : 10de
[2024.05.22-20.15.52:571][  0]LogD3D11RHI:     DeviceId    : 134e
[2024.05.22-20.15.52:571][  0]LogD3D11RHI:     SubSysId    : 14be1043
[2024.05.22-20.15.52:571][  0]LogD3D11RHI:     Revision    : 00a2
[2024.05.22-20.15.52:571][  0]LogD3D11RHI:     DedicatedVideoMemory : 2098724864 bytes
[2024.05.22-20.15.52:571][  0]LogD3D11RHI:     DedicatedSystemMemory : 0 bytes
[2024.05.22-20.15.52:571][  0]LogD3D11RHI:     SharedSystemMemory : 6381004800 bytes
[2024.05.22-20.15.52:571][  0]LogD3D11RHI:     AdapterLuid : 0 71103
[2024.05.22-20.15.52:649][  0]LogD3D11RHI: RHI has support for 64 bit atomics
[2024.05.22-20.15.52:649][  0]LogD3D11RHI: Async texture creation enabled
[2024.05.22-20.15.52:670][  0]LogD3D11RHI: GPU Timing Frequency: 1000.000000 (Debug: 2 1)
[2024.05.22-20.15.52:725][  0]LogRHI: GeForceNow SDK initialized: 1
[2024.05.22-20.15.53:120][  0]LogTargetPlatformManager: Display: Loaded TargetPlatform 'AllDesktop'
[2024.05.22-20.15.53:148][  0]LogTargetPlatformManager: Display: Loaded TargetPlatform 'Android'
[2024.05.22-20.15.53:148][  0]LogTargetPlatformManager: Display: Loaded TargetPlatform 'Android_ASTC'
[2024.05.22-20.15.53:148][  0]LogTargetPlatformManager: Display: Loaded TargetPlatform 'Android_DXT'
[2024.05.22-20.15.53:148][  0]LogTargetPlatformManager: Display: Loaded TargetPlatform 'Android_ETC2'
[2024.05.22-20.15.53:148][  0]LogTargetPlatformManager: Display: Loaded TargetPlatform 'AndroidClient'
[2024.05.22-20.15.53:148][  0]LogTargetPlatformManager: Display: Loaded TargetPlatform 'Android_ASTCClient'
[2024.05.22-20.15.53:148][  0]LogTargetPlatformManager: Display: Loaded TargetPlatform 'Android_DXTClient'
[2024.05.22-20.15.53:148][  0]LogTargetPlatformManager: Display: Loaded TargetPlatform 'Android_ETC2Client'
[2024.05.22-20.15.53:148][  0]LogTargetPlatformManager: Display: Loaded TargetPlatform 'Android_Multi'
[2024.05.22-20.15.53:148][  0]LogTargetPlatformManager: Display: Loaded TargetPlatform 'Android_MultiClient'
[2024.05.22-20.15.53:168][  0]LogTargetPlatformManager: Display: Loaded TargetPlatform 'IOSClient'
[2024.05.22-20.15.53:168][  0]LogTargetPlatformManager: Display: Loaded TargetPlatform 'IOS'
[2024.05.22-20.15.53:179][  0]LogTargetPlatformManager: Display: Loaded TargetPlatform 'Linux'
[2024.05.22-20.15.53:184][  0]LogTargetPlatformManager: Display: Loaded TargetPlatform 'LinuxNoEditor'
[2024.05.22-20.15.53:189][  0]LogTargetPlatformManager: Display: Loaded TargetPlatform 'LinuxClient'
[2024.05.22-20.15.53:195][  0]LogTargetPlatformManager: Display: Loaded TargetPlatform 'LinuxServer'
[2024.05.22-20.15.53:204][  0]LogTargetPlatformManager: Display: Loaded TargetPlatform 'LinuxAArch64NoEditor'
[2024.05.22-20.15.53:210][  0]LogTargetPlatformManager: Display: Loaded TargetPlatform 'LinuxAArch64Client'
[2024.05.22-20.15.53:215][  0]LogTargetPlatformManager: Display: Loaded TargetPlatform 'LinuxAArch64Server'
[2024.05.22-20.15.53:241][  0]LogTargetPlatformManager: Display: Loaded TargetPlatform 'Lumin'
[2024.05.22-20.15.53:242][  0]LogTargetPlatformManager: Display: Loaded TargetPlatform 'LuminClient'
[2024.05.22-20.15.53:251][  0]LogTargetPlatformManager: Display: Loaded TargetPlatform 'MacNoEditor'
[2024.05.22-20.15.53:257][  0]LogTargetPlatformManager: Display: Loaded TargetPlatform 'Mac'
[2024.05.22-20.15.53:263][  0]LogTargetPlatformManager: Display: Loaded TargetPlatform 'MacClient'
[2024.05.22-20.15.53:269][  0]LogTargetPlatformManager: Display: Loaded TargetPlatform 'MacServer'
[2024.05.22-20.15.53:280][  0]LogTargetPlatformManager: Display: Loaded TargetPlatform 'TVOSClient'
[2024.05.22-20.15.53:280][  0]LogTargetPlatformManager: Display: Loaded TargetPlatform 'TVOS'
[2024.05.22-20.15.53:290][  0]LogTargetPlatformManager: Display: Loaded TargetPlatform 'WindowsNoEditor'
[2024.05.22-20.15.53:296][  0]LogTargetPlatformManager: Display: Loaded TargetPlatform 'Windows'
[2024.05.22-20.15.53:301][  0]LogTargetPlatformManager: Display: Loaded TargetPlatform 'WindowsClient'
[2024.05.22-20.15.53:306][  0]LogTargetPlatformManager: Display: Loaded TargetPlatform 'WindowsServer'
[2024.05.22-20.15.53:306][  0]LogTargetPlatformManager: Display: Building Assets For Windows
[2024.05.22-20.15.53:316][  0]LogAudioDebug: Display: Lib vorbis DLL was dynamically loaded.
[2024.05.22-20.15.53:351][  0]LogTextureFormatOodle: Display: Oodle Texture 2.9.0 init RDO Off
[2024.05.22-20.15.53:393][  0]LogRendererCore: Ray tracing is disabled. Reason: r.RayTracing=0.
[2024.05.22-20.15.53:393][  0]LogShaderCompilers: Guid format shader working directory is -2 characters bigger than the processId version (../../../../../Unreal Projects/FirstBPProjectUE/Intermediate/Shaders/WorkingDirectory/20772/).
[2024.05.22-20.15.53:393][  0]LogShaderCompilers: Cleaned the shader compiler working directory 'C:/Users/nicol/AppData/Local/Temp/UnrealShaderWorkingDir/BB0FCA1E440FD8C7240AB0B43D562DE1/'.
[2024.05.22-20.15.53:393][  0]LogXGEController: Cannot use XGE Controller as Incredibuild is not installed on this machine.
[2024.05.22-20.15.53:394][  0]LogShaderCompilers: Cannot use XGE Shader Compiler as Incredibuild is not installed on this machine.
[2024.05.22-20.15.53:394][  0]LogShaderCompilers: Display: Using Local Shader Compiler.
[2024.05.22-20.15.54:400][  0]LogDerivedDataCache: Display: Max Cache Size: 512 MB
[2024.05.22-20.15.54:470][  0]LogDerivedDataCache: Loaded boot cache 0.07s 94MB C:/Users/nicol/AppData/Local/UnrealEngine/4.27/DerivedDataCache/Boot.ddc.
[2024.05.22-20.15.54:470][  0]LogDerivedDataCache: Display: Loaded Boot cache: C:/Users/nicol/AppData/Local/UnrealEngine/4.27/DerivedDataCache/Boot.ddc
[2024.05.22-20.15.54:470][  0]LogDerivedDataCache: FDerivedDataBackendGraph:  Pak pak cache file ../../../../../Unreal Projects/FirstBPProjectUE/DerivedDataCache/DDC.ddp not found, will not use a pak cache.
[2024.05.22-20.15.54:470][  0]LogDerivedDataCache: Unable to find inner node Pak for hierarchical cache Hierarchy.
[2024.05.22-20.15.54:471][  0]LogDerivedDataCache: FDerivedDataBackendGraph:  CompressedPak pak cache file ../../../../../Unreal Projects/FirstBPProjectUE/DerivedDataCache/Compressed.ddp not found, will not use a pak cache.
[2024.05.22-20.15.54:471][  0]LogDerivedDataCache: Unable to find inner node CompressedPak for hierarchical cache Hierarchy.
[2024.05.22-20.15.54:491][  0]LogDerivedDataCache: Display: Pak cache opened for reading ../../../Engine/DerivedDataCache/Compressed.ddp.
[2024.05.22-20.15.54:491][  0]LogDerivedDataCache: FDerivedDataBackendGraph:  EnterprisePak pak cache file ../../../Enterprise/DerivedDataCache/Compressed.ddp not found, will not use a pak cache.
[2024.05.22-20.15.54:491][  0]LogDerivedDataCache: Unable to find inner node EnterprisePak for hierarchical cache Hierarchy.
[2024.05.22-20.15.54:505][  0]LogDerivedDataCache: Speed tests for C:/Users/nicol/AppData/Local/UnrealEngine/Common/DerivedDataCache took 0.01 seconds
[2024.05.22-20.15.54:505][  0]LogDerivedDataCache: Display: Performance to C:/Users/nicol/AppData/Local/UnrealEngine/Common/DerivedDataCache: Latency=0.02ms. RandomReadSpeed=1381.00MBs, RandomWriteSpeed=73.93MBs. Assigned SpeedClass 'Local'
[2024.05.22-20.15.54:506][  0]LogDerivedDataCache: Using Local data cache path C:/Users/nicol/AppData/Local/UnrealEngine/Common/DerivedDataCache: Writable
[2024.05.22-20.15.54:506][  0]LogDerivedDataCache: Shared data cache path not found in *engine.ini, will not use an Shared cache.
[2024.05.22-20.15.54:506][  0]LogDerivedDataCache: Unable to find inner node Shared for hierarchical cache Hierarchy.
[2024.05.22-20.15.54:573][  0]LogSlate: Using FreeType 2.10.0
[2024.05.22-20.15.54:574][  0]LogSlate: SlateFontServices - WITH_FREETYPE: 1, WITH_HARFBUZZ: 1
[2024.05.22-20.15.54:605][  0]LogAssetRegistry: FAssetRegistry took 0.0030 seconds to start up
[2024.05.22-20.15.54:903][  0]LogInit: Selected Device Profile: [Windows]
[2024.05.22-20.15.54:903][  0]LogInit: Active device profile: [000001FDB2BD4B00][000001FDAE42EB80 49] Windows
[2024.05.22-20.15.54:903][  0]LogInit: Profiles: [000001FDB2BD4B00][000001FDAE42EB80 49] Windows, [000001FDB2BA6100][000001FDAE44AD00 49] WindowsNoEditor, [000001FDB2BD5900][000001FDA8890E80 49] WindowsServer, [000001FDB2BA6E00][000001FDB1BE9000 49] WindowsClient, [000001FDB2BD7C00][000001FDB1BED180 49] IOS, [000001FDB2BA4F00][000001FDAF27B300 49] iPadAir, [000001FDB2BD7E00][000001FDAF27F480 49] iPadAir2, [000001FDB2B54C00][000001FDB1B93740 49] IPadPro, [000001FDB2B54D00][000001FDAF283780 49] iPadAir3, [000001FDB2BA7B00][000001FDB1B97900 49] iPadAir4, [000001FDB2B57600][000001FDB1B9BA80 49] iPadMini2, [000001FDB2BA7200][000001FDB1B9FC00 49] iPadMini3, [000001FDB2B57800][000001FDB1BA2200 49] iPadMini4, [000001FDB2BA7800][000001FDB1BA6380 49] iPadMini5, [000001FDB2B80600][000001FDB1BAE640 49] iPhone6, [000001FDB2B80700][000001FDB1BAA680 49] iPodTouch6, [000001FDB2BD6900][000001FDB1BB6940 49] iPhone7, [000001FDB2BD6800][000001FDB1BB2980 49] iPodTouch7, [000001FDB2B80100][000001FDB07DCAC0 49] iPhone5S, [000001FDB2B54700][000001FDB1BBAC00 49] iPhone6Plus, [000001FDB2B82500][000001FDB1BBED40 49] iPhone6S, [000001FDB2B55300][000001FDB0778EC0 49] iPhone6SPlus, [000001FDB2B83B00][000001FDB077D040 49] iPhone7Plus, [000001FDB2B57500][000001FDB07811C0 49] iPhoneSE, [000001FDB2BD6600][000001FDB0785340 49] iPhone8, [000001FDB2B54600][000001FDB07894C0 49] iPhone8Plus, [000001FDB2BD6200][000001FDB078D640 49] iPhoneX, [000001FDB2B57300][000001FDB07917C0 49] iPhoneXS, [000001FDB2BD7400][000001FDB0795940 49] iPhoneXSMax, [000001FDB2B56D00][000001FDB0799AC0 49] iPhoneXR, [000001FDB2BD4200][000001FDB079C0C0 49] iPhone11, [000001FDB2B55E00][000001FDB07A0240 49] iPhone11Pro, [000001FDB2BD6A00][000001FDB07A43C0 49] iPhone11ProMax, [000001FDB2B57700][000001FDB07A8540 49] iPhoneSE2, [000001FDB2BD4D00][000001FDB056C6C0 49] iPhone12Mini, [000001FDB2B55F00][000001FDB0570840 49] iPhone12, [000001FDB2BD4700][000001FDB05749C0 49] iPhone12Pro, [000001FDB2B55400][000001FDB0578B40 49] iPhone12ProMax, [000001FDB2BD4C00][000001FDB0774C80 49] iPadPro105, [000001FDB2B55700][000001FDB057CDC0 49] iPadPro129, [000001FDB2BD4100][000001FDB0580F00 49] iPadPro97, [000001FDB2B57C00][000001FDB0589080 49] iPadPro2_129, [000001FDB2BD4800][000001FDB058D200 49] iPad5, [000001FDB2B57100][000001FDB0591380 49] iPad6, [000001FDB2BD4500][000001FDB0595500 49] iPad7, [000001FDB2B56800][000001FDB0599680 49] iPad8, [000001FDB2BD5500][000001FDB059D800 49] iPadPro11, [000001FDB2B55500][000001FDB05A1980 49] iPadPro2_11, [000001FDB2BD4F00][000001FDB05A5B00 49] iPadPro3_129, [000001FDB2B56C00][000001FDB05A8100 49] iPadPro4_129, [000001FDB2BD6500][000001FDB05AC280 49] AppleTV, [000001FDB2B55100][000001FDB05B0400 49] AppleTV4K, [000001FDB2BD4400][000001FDB05B4580 49] TVOS, [000001FDB2B56600][000001FDB05B8700 49] Mac, [000001FDB2BD7D00][000001FDB05BC880 49] MacClient, [000001FDB2B55800][000001FDB05C0A00 49] MacNoEditor, [000001FDB2BD7100][000001FDB05C4B80 49] MacServer, [000001FDB2B57900][000001FDB05C8D00 49] Linux, [000001FDB2BD4900][000001FDB0584E40 49] LinuxAArch64, [000001FDB2B57F00][000001FDB05CCF80 49] LinuxNoEditor, [000001FDB2BD5B00][000001FDB05D10C0 49] LinuxAArch64NoEditor, [000001FDB2B57400][000001FDB05D9240 49] LinuxClient, [000001FDB2BD5C00][000001FDB05DD3C0 49] LinuxAArch64Client, [000001FDB2B55D00][000001FDB05E1540 49] LinuxServer, [000001FDB2BD6F00][000001FDB05E56C0 49] LinuxAArch64Server, [000001FDB2B54500][000001FDB05E9840 49] Android, [000001FDB2BD5E00][000001FDB05ED9C0 49] Android_Low, [000001FDB2B57000][000001FDB05F1B40 49] Android_Mid, [000001FDB2BD6400][000001FDB05F4140 49] Android_High, [000001FDB2B54800][000001FDB05F82C0 49] Android_Default, [000001FDB2BD7200][000001FDB05FC440 49] Android_Adreno4xx, [000001FDB2BA6400][000001FDB06005C0 49] Android_Adreno5xx_Low, [000001FDB2B81C00][000001FDB0604740 49] Android_Adreno5xx, [000001FDB2BA7D00][000001FDB06088C0 49] Android_Adreno6xx, [000001FDB2B82B00][000001FDB060CA40 49] Android_Adreno6xx_Vulkan, [000001FDB2BA7E00][000001FDB0610BC0 49] Android_Mali_T6xx, [000001FDB2B80F00][000001FDB0614D40 49] Android_Mali_T7xx, [000001FDB2BA5300][000001FDB0618EC0 49] Android_Mali_T8xx, [000001FDB2B81F00][000001FDB05D5000 49] Android_Mali_G71, [000001FDB2BA5C00][000001FDB061D140 49] Android_Mali_G72, [000001FDB2B82400][000001FDB0621280 49] Android_Mali_G72_Vulkan, [000001FDB2BA7600][000001FDB06253C0 49] Android_Mali_G76, [000001FDB2B82100][000001FDB062D540 49] Android_Mali_G76_Vulkan, [000001FDB2BA5B00][000001FDB06316C0 49] Android_Mali_G77, [000001FDB2B80A00][000001FDB0635840 49] Android_Mali_G77_Vulkan, [000001FDB2BA7400][000001FDB06399C0 49] Android_Mali_G78, [000001FDB2B81300][000001FDB063DB40 49] Android_Mali_G78_Vulkan, [000001FDB2BA6900][000001FDB0640140 49] Android_Mali_G710, [000001FDB2B83D00][000001FDB06442C0 49] Android_Mali_G710_Vulkan, [000001FDB2BA5E00][000001FDB0648440 49] Android_Vulkan_SM5, [000001FDB2B80900][000001FDB19B45C0 49] Android_PowerVR_G6xxx, [000001FDB2BA5F00][000001FDB19B8740 49] Android_PowerVR_GT7xxx, [000001FDB2B82700][000001FDB19BC8C0 49] Android_PowerVR_GE8xxx, [000001FDB2BA6300][000001FDB19C0A40 49] Android_PowerVR_GM9xxx, [000001FDB2B83200][000001FDB19C4BC0 49] Android_PowerVR_GM9xxx_Vulkan, [000001FDB2BA7000][000001FDB19C8D40 49] Android_TegraK1, [000001FDB2B81700][000001FDB19CCEC0 49] Android_Unknown_Vulkan, [000001FDB2BA7700][000001FDB19D1040 49] Lumin, [000001FDB2B80200][000001FDB0629180 49] Lumin_Desktop, [000001FDB2BA6200][000001FDB19D52C0 49] HoloLens, 
[2024.05.22-20.15.55:072][  0]LogMeshReduction: Using QuadricMeshReduction for automatic static mesh reduction
[2024.05.22-20.15.55:072][  0]LogMeshReduction: Using SimplygonMeshReduction for automatic skeletal mesh reduction
[2024.05.22-20.15.55:072][  0]LogMeshReduction: Using ProxyLODMeshReduction for automatic mesh merging
[2024.05.22-20.15.55:072][  0]LogMeshReduction: No distributed automatic mesh merging module available
[2024.05.22-20.15.55:072][  0]LogMeshMerging: No distributed automatic mesh merging module available
[2024.05.22-20.15.55:098][  0]LogNetVersion: FirstBPProjectUE 1.0.0, NetCL: 17155196, EngineNetVer: 17, GameNetVer: 0 (Checksum: 2757859790)
[2024.05.22-20.15.55:638][  0]LogTexture: Default maximum texture size for cubemaps generated from long-lat sources has been changed from 512 to unlimited. In order to preserve old behaiour for '/Engine/MapTemplates/Sky/DaylightAmbientCubemap.DaylightAmbientCubemap', its maximum texture size has been explicitly set to 512.
[2024.05.22-20.15.55:743][  0]LogHMD: PokeAHoleMaterial loaded successfully
[2024.05.22-20.15.55:750][  0]LogUObjectArray: 17178 objects as part of root set at end of initial load.
[2024.05.22-20.15.55:750][  0]LogUObjectAllocator: 4302048 out of 0 bytes used by permanent object pool.
[2024.05.22-20.15.55:750][  0]LogUObjectArray: CloseDisregardForGC: 0/0 objects in disregard for GC pool
[2024.05.22-20.15.56:137][  0]LogNiagaraDebuggerClient: Niagara Debugger Client Initialized | Session: EE4549E74ADC0F0A5A75BEB223D29409 | Instance: 861A4E91460611C800900D834E5780F3 (NICO-20772).
[2024.05.22-20.15.56:210][  0]LogPython: Using Python 3.7.7
[2024.05.22-20.15.57:126][  0]LogUdpMessaging: Initializing bridge on interface 0.0.0.0:0 to multicast group 230.0.0.1:6666.
[2024.05.22-20.15.57:136][  0]LogTcpMessaging: Initializing TcpMessaging bridge
[2024.05.22-20.15.57:335][  0]SourceControl: Source control is disabled
[2024.05.22-20.15.57:335][  0]SourceControl: Source control is disabled
[2024.05.22-20.15.57:338][  0]SourceControl: Source control is disabled
[2024.05.22-20.15.57:344][  0]SourceControl: Source control is disabled
[2024.05.22-20.15.57:351][  0]SourceControl: Source control is disabled
[2024.05.22-20.15.57:366][  0]LogUProjectInfo: Found projects:
[2024.05.22-20.15.57:641][  0]LogOpenImageDenoise: OIDN starting up
[2024.05.22-20.15.57:700][  0]LogAndroidPermission: UAndroidPermissionCallbackProxy::GetInstance
[2024.05.22-20.15.57:730][  0]LogAudioCaptureCore: Display: No Audio Capture implementations found. Audio input will be silent.
[2024.05.22-20.15.57:730][  0]LogAudioCaptureCore: Display: No Audio Capture implementations found. Audio input will be silent.
[2024.05.22-20.15.57:889][  0]LogCollectionManager: Loaded 0 collections in 0.001050 seconds
[2024.05.22-20.15.57:916][  0]LogFileCache: Scanning file cache for directory 'D:/Develop/Unreal Projects/FirstBPProjectUE/Saved/Collections/' took 0.00s
[2024.05.22-20.15.57:917][  0]LogFileCache: Scanning file cache for directory 'D:/Develop/Unreal Projects/FirstBPProjectUE/Content/Developers/nicol/Collections/' took 0.00s
[2024.05.22-20.15.57:917][  0]LogFileCache: Scanning file cache for directory 'D:/Develop/Unreal Projects/FirstBPProjectUE/Content/Collections/' took 0.00s
[2024.05.22-20.15.57:917][  0]LogOcInput: OculusInput pre-init called
[2024.05.22-20.15.58:230][  0]LogEngine: Initializing Engine...
[2024.05.22-20.15.58:232][  0]LogHMD: Failed to enumerate extensions. Please check that you have a valid OpenXR runtime installed.
[2024.05.22-20.15.58:232][  0]LogHMD: Failed to initialize OpenVR with code 110
[2024.05.22-20.15.58:232][  0]LogMagicLeap: Warning: VR disabled because ZI is not enabled.  To enable, in the editor, Edit -> Project Settings -> Plugins -> Magic Leap Plugin -> Enable Zero Iteration
[2024.05.22-20.15.58:233][  0]LogStats: UGameplayTagsManager::InitializeManager -  0.000 s
[2024.05.22-20.15.58:401][  0]LogInit: Initializing FReadOnlyCVARCache
[2024.05.22-20.15.58:414][  0]LogAIModule: Creating AISystem for world Untitled
[2024.05.22-20.15.58:434][  0]LogAudio: Display: Initializing Audio Device Manager...
[2024.05.22-20.15.58:440][  0]LogAudio: Display: Loading Default Audio Settings Objects...
[2024.05.22-20.15.58:441][  0]LogAudio: Display: No default SoundConcurrencyObject specified (or failed to load).
[2024.05.22-20.15.58:442][  0]LogAudio: Display: Audio Device Manager Initialized
[2024.05.22-20.15.58:442][  0]LogAudio: Display: Creating Audio Device:                 Id: 1, Scope: Shared, Realtime: True
[2024.05.22-20.15.58:442][  0]LogAudioMixer: Display: Audio Mixer Platform Settings:
[2024.05.22-20.15.58:442][  0]LogAudioMixer: Display: 	Sample Rate:						  48000
[2024.05.22-20.15.58:442][  0]LogAudioMixer: Display: 	Callback Buffer Frame Size Requested: 1024
[2024.05.22-20.15.58:442][  0]LogAudioMixer: Display: 	Callback Buffer Frame Size To Use:	  1024
[2024.05.22-20.15.58:442][  0]LogAudioMixer: Display: 	Number of buffers to queue:			  2
[2024.05.22-20.15.58:442][  0]LogAudioMixer: Display: 	Max Channels (voices):				  32
[2024.05.22-20.15.58:442][  0]LogAudioMixer: Display: 	Number of Async Source Workers:		  0
[2024.05.22-20.15.58:442][  0]LogAudio: Display: AudioDevice MaxSources: 32
[2024.05.22-20.15.58:443][  0]LogAudio: Display: Audio Spatialization Plugin: None (built-in).
[2024.05.22-20.15.58:443][  0]LogAudio: Display: Audio Reverb Plugin: None (built-in).
[2024.05.22-20.15.58:443][  0]LogAudio: Display: Audio Occlusion Plugin: None (built-in).
[2024.05.22-20.15.58:443][  0]LogAudioMixer: Display: Initializing audio mixer.
[2024.05.22-20.15.58:477][  0]LogAudioMixer: Display: 0: FrontLeft
[2024.05.22-20.15.58:477][  0]LogAudioMixer: Display: 1: FrontRight
[2024.05.22-20.15.58:577][  0]LogAudioMixer: Display: Using Audio Device Altavoces (Realtek High Definition Audio)
[2024.05.22-20.15.58:582][  0]LogAudioMixer: Display: Initializing Sound Submixes...
[2024.05.22-20.15.58:584][  0]LogAudioMixer: Display: Creating Master Submix 'MasterSubmixDefault'
[2024.05.22-20.15.58:585][  0]LogAudioMixer: Display: Creating Master Submix 'MasterReverbSubmixDefault'
[2024.05.22-20.15.58:586][  0]LogAudioMixer: Display: Creating Master Submix 'MasterEQSubmixDefault'
[2024.05.22-20.15.58:586][  0]LogAudioMixer: FMixerPlatformXAudio2::StartAudioStream() called
[2024.05.22-20.15.58:586][  0]LogAudioMixer: Display: Output buffers initialized: Frames=1024, Channels=2, Samples=2048
[2024.05.22-20.15.58:587][  0]LogAudioMixer: Display: Starting AudioMixerPlatformInterface::RunInternal()
[2024.05.22-20.15.58:587][  0]LogAudioMixer: Display: FMixerPlatformXAudio2::SubmitBuffer() called for the first time
[2024.05.22-20.15.58:587][  0]LogInit: FAudioDevice initialized.
[2024.05.22-20.15.58:588][  0]LogAudio: Display: Audio Device (ID: 1) registered with world 'Untitled'.
[2024.05.22-20.15.58:588][  0]LogNetVersion: Set ProjectVersion to 1.0.0.0. Version Checksum will be recalculated on next use.
[2024.05.22-20.15.58:687][  0]LogDerivedDataCache: Saved boot cache 0.10s 94MB C:/Users/nicol/AppData/Local/UnrealEngine/4.27/DerivedDataCache/Boot.ddc.
[2024.05.22-20.15.58:687][  0]LogInit: Texture streaming: Enabled
[2024.05.22-20.15.58:703][  0]LogAnalytics: Display: [UEEditor.Rocket.Release] APIServer = https://datarouter.ol.epicgames.com/. AppVersion = 4.27.2-18319896+++UE4+Release-4.27
[2024.05.22-20.15.58:709][  0]LogEngineSessionManager: EngineSessionManager initialized
[2024.05.22-20.15.58:709][  0]LogEditorSessionSummary: Verbose: Initializing EditorSessionSummaryWriter for editor session tracking
[2024.05.22-20.15.58:712][  0]LogEditorSessionSummary: EditorSessionSummaryWriter initialized
[2024.05.22-20.15.58:738][  0]LogInit: Transaction tracking system initialized
[2024.05.22-20.15.58:767][  0]BlueprintLog: New page: Editor Load
[2024.05.22-20.15.58:847][  0]LocalizationService: Localization service is disabled
[2024.05.22-20.15.58:878][  0]TimingProfiler: Initialize
[2024.05.22-20.15.58:879][  0]TimingProfiler: OnSessionChanged
[2024.05.22-20.15.58:879][  0]LoadingProfiler: Initialize
[2024.05.22-20.15.58:879][  0]LoadingProfiler: OnSessionChanged
[2024.05.22-20.15.58:879][  0]NetworkingProfiler: Initialize
[2024.05.22-20.15.58:879][  0]NetworkingProfiler: OnSessionChanged
[2024.05.22-20.15.58:879][  0]MemoryProfiler: Initialize
[2024.05.22-20.15.58:879][  0]MemoryProfiler: OnSessionChanged
[2024.05.22-20.15.59:061][  0]LogCook: Display: CookSettings for Memory: MemoryMaxUsedVirtual 0MiB, MemoryMaxUsedPhysical 16384MiB, MemoryMinFreeVirtual 0MiB, MemoryMinFreePhysical 1024MiB
[2024.05.22-20.15.59:061][  0]LogFileCache: Scanning file cache for directory 'D:/Develop/Unreal Projects/FirstBPProjectUE/Content/' took 0.00s
[2024.05.22-20.15.59:061][  0]LogCook: Display: Mobile HDR setting 1
[2024.05.22-20.15.59:585][  0]LogInit: Display: Engine is initialized. Leaving FEngineLoop::Init()
[2024.05.22-20.15.59:590][  0]SourceControl: Source control is disabled
[2024.05.22-20.15.59:590][  0]LogUnrealEdMisc: Loading editor; pre map load, took 9.048
[2024.05.22-20.15.59:590][  0]Cmd: MAP LOAD FILE="../../../Engine/Content/Maps/Templates/Template_Default.umap" TEMPLATE=1 SHOWPROGRESS=1 FEATURELEVEL=3
[2024.05.22-20.15.59:590][  0]LightingResults: New page: Lighting Build
[2024.05.22-20.15.59:592][  0]LogWorld: UWorld::CleanupWorld for Untitled, bSessionEnded=true, bCleanupResources=true
[2024.05.22-20.15.59:592][  0]LogSlate: InvalidateAllWidgets triggered.  All widgets were invalidated
[2024.05.22-20.15.59:592][  0]MapCheck: New page: Map Check
[2024.05.22-20.15.59:592][  0]LightingResults: New page: Lighting Build
[2024.05.22-20.15.59:597][  0]LogAudio: Display: Audio Device unregistered from world 'None'.
[2024.05.22-20.15.59:601][  0]LogUObjectHash: Compacting FUObjectHashTables data took   0.87ms
[2024.05.22-20.15.59:671][  0]LogTexture: Display: Building textures: DeprecatedTextureEB9CBE3C423008B5E8E130901E171C89 (BGRA8, 128X128)
[2024.05.22-20.15.59:679][  0]LogAudio: Display: Audio Device (ID: 1) registered with world 'Untitled_1'.
[2024.05.22-20.15.59:681][  0]LogAIModule: Creating AISystem for world Untitled_1
[2024.05.22-20.15.59:692][  0]LogEditorServer: Finished looking for orphan Actors (0.000 secs)
[2024.05.22-20.15.59:702][  0]LogUObjectHash: Compacting FUObjectHashTables data took   1.65ms
[2024.05.22-20.15.59:702][  0]Cmd: MAP CHECKDEP NOCLEARLOG
[2024.05.22-20.15.59:702][  0]MapCheck: Map check complete: 0 Error(s), 0 Warning(s), took 0,107ms to complete.
[2024.05.22-20.15.59:702][  0]LogFileHelpers: Loading map 'Template_Default' took 0.112
[2024.05.22-20.15.59:704][  0]LogUnrealEdMisc: Total Editor Startup Time, took 9.163
[2024.05.22-20.15.59:858][  0]LogSlate: Updating window title bar state: overlay mode, drag disabled, window buttons hidden, title bar hidden
[2024.05.22-20.15.59:865][  0]LogSlate: Updating window title bar state: overlay mode, drag disabled, window buttons hidden, title bar hidden
[2024.05.22-20.15.59:875][  0]LogSlate: Updating window title bar state: overlay mode, drag disabled, window buttons hidden, title bar hidden
[2024.05.22-20.15.59:882][  0]LogSlate: Updating window title bar state: overlay mode, drag disabled, window buttons hidden, title bar hidden
[2024.05.22-20.15.59:904][  0]LogNativeClassHierarchy: Verbose: Native class hierarchy populated in 0.0166 seconds. Added 3822 classes and 928 folders.
[2024.05.22-20.15.59:906][  0]LogNativeClassHierarchy: Verbose: Native class hierarchy updated for 'WidgetCarousel' in 0.0003 seconds. Added 0 classes and 0 folders.
[2024.05.22-20.15.59:907][  0]LogPakFile: PakFile PrimaryIndexSize=187
[2024.05.22-20.15.59:907][  0]LogPakFile: PakFile PathHashIndexSize=101
[2024.05.22-20.15.59:908][  0]LogPakFile: PakFile FullDirectoryIndexSize=148
[2024.05.22-20.15.59:908][  0]LogShaderLibrary: Display: ShaderCodeLibraryPakFileMountedCallback: PakFile 'D:/Develop/Unreal Engine/UE_4.27/FeaturePacks/FP_FirstPerson.upack' (chunk index -1, root 'root:/') mounted
[2024.05.22-20.15.59:908][  0]LogShaderLibrary: Display: ShaderCodeLibraryPakFileMountedCallback: pending pak file info (ChunkID:-1 Root:root:/ File:D:/Develop/Unreal Engine/UE_4.27/FeaturePacks/FP_FirstPerson.upack)
[2024.05.22-20.15.59:908][  0]LogPakFile: OnPakFileMounted2Time == 0.000114
[2024.05.22-20.15.59:908][  0]LogPakFile: PakFile PrimaryIndexSize=189
[2024.05.22-20.15.59:908][  0]LogPakFile: PakFile PathHashIndexSize=101
[2024.05.22-20.15.59:908][  0]LogPakFile: PakFile FullDirectoryIndexSize=152
[2024.05.22-20.15.59:908][  0]LogShaderLibrary: Display: ShaderCodeLibraryPakFileMountedCallback: PakFile 'D:/Develop/Unreal Engine/UE_4.27/FeaturePacks/FP_FirstPersonBP.upack' (chunk index -1, root 'root:/') mounted
[2024.05.22-20.15.59:909][  0]LogShaderLibrary: Display: ShaderCodeLibraryPakFileMountedCallback: pending pak file info (ChunkID:-1 Root:root:/ File:D:/Develop/Unreal Engine/UE_4.27/FeaturePacks/FP_FirstPersonBP.upack)
[2024.05.22-20.15.59:909][  0]LogPakFile: OnPakFileMounted2Time == 0.000047
[2024.05.22-20.15.59:909][  0]LogPakFile: PakFile PrimaryIndexSize=191
[2024.05.22-20.15.59:909][  0]LogPakFile: PakFile PathHashIndexSize=101
[2024.05.22-20.15.59:909][  0]LogPakFile: PakFile FullDirectoryIndexSize=160
[2024.05.22-20.15.59:909][  0]LogShaderLibrary: Display: ShaderCodeLibraryPakFileMountedCallback: PakFile 'D:/Develop/Unreal Engine/UE_4.27/FeaturePacks/MobileStarterContent.upack' (chunk index -1, root 'root:/') mounted
[2024.05.22-20.15.59:909][  0]LogShaderLibrary: Display: ShaderCodeLibraryPakFileMountedCallback: pending pak file info (ChunkID:-1 Root:root:/ File:D:/Develop/Unreal Engine/UE_4.27/FeaturePacks/MobileStarterContent.upack)
[2024.05.22-20.15.59:909][  0]LogPakFile: OnPakFileMounted2Time == 0.000048
[2024.05.22-20.15.59:909][  0]LogPakFile: PakFile PrimaryIndexSize=185
[2024.05.22-20.15.59:909][  0]LogPakFile: PakFile PathHashIndexSize=101
[2024.05.22-20.15.59:909][  0]LogPakFile: PakFile FullDirectoryIndexSize=148
[2024.05.22-20.15.59:909][  0]LogShaderLibrary: Display: ShaderCodeLibraryPakFileMountedCallback: PakFile 'D:/Develop/Unreal Engine/UE_4.27/FeaturePacks/StarterContent.upack' (chunk index -1, root 'root:/') mounted
[2024.05.22-20.15.59:909][  0]LogShaderLibrary: Display: ShaderCodeLibraryPakFileMountedCallback: pending pak file info (ChunkID:-1 Root:root:/ File:D:/Develop/Unreal Engine/UE_4.27/FeaturePacks/StarterContent.upack)
[2024.05.22-20.15.59:909][  0]LogPakFile: OnPakFileMounted2Time == 0.000040
[2024.05.22-20.15.59:909][  0]LogPakFile: PakFile PrimaryIndexSize=190
[2024.05.22-20.15.59:909][  0]LogPakFile: PakFile PathHashIndexSize=101
[2024.05.22-20.15.59:909][  0]LogPakFile: PakFile FullDirectoryIndexSize=154
[2024.05.22-20.15.59:910][  0]LogShaderLibrary: Display: ShaderCodeLibraryPakFileMountedCallback: PakFile 'D:/Develop/Unreal Engine/UE_4.27/FeaturePacks/TP_2DSideScroller.upack' (chunk index -1, root 'root:/') mounted
[2024.05.22-20.15.59:910][  0]LogShaderLibrary: Display: ShaderCodeLibraryPakFileMountedCallback: pending pak file info (ChunkID:-1 Root:root:/ File:D:/Develop/Unreal Engine/UE_4.27/FeaturePacks/TP_2DSideScroller.upack)
[2024.05.22-20.15.59:910][  0]LogPakFile: OnPakFileMounted2Time == 0.000042
[2024.05.22-20.15.59:910][  0]LogPakFile: PakFile PrimaryIndexSize=192
[2024.05.22-20.15.59:910][  0]LogPakFile: PakFile PathHashIndexSize=101
[2024.05.22-20.15.59:910][  0]LogPakFile: PakFile FullDirectoryIndexSize=158
[2024.05.22-20.15.59:910][  0]LogShaderLibrary: Display: ShaderCodeLibraryPakFileMountedCallback: PakFile 'D:/Develop/Unreal Engine/UE_4.27/FeaturePacks/TP_2DSideScrollerBP.upack' (chunk index -1, root 'root:/') mounted
[2024.05.22-20.15.59:910][  0]LogShaderLibrary: Display: ShaderCodeLibraryPakFileMountedCallback: pending pak file info (ChunkID:-1 Root:root:/ File:D:/Develop/Unreal Engine/UE_4.27/FeaturePacks/TP_2DSideScrollerBP.upack)
[2024.05.22-20.15.59:910][  0]LogPakFile: OnPakFileMounted2Time == 0.000045
[2024.05.22-20.15.59:910][  0]LogPakFile: PakFile PrimaryIndexSize=182
[2024.05.22-20.15.59:910][  0]LogPakFile: PakFile PathHashIndexSize=101
[2024.05.22-20.15.59:910][  0]LogPakFile: PakFile FullDirectoryIndexSize=138
[2024.05.22-20.15.59:911][  0]LogShaderLibrary: Display: ShaderCodeLibraryPakFileMountedCallback: PakFile 'D:/Develop/Unreal Engine/UE_4.27/FeaturePacks/TP_Flying.upack' (chunk index -1, root 'root:/') mounted
[2024.05.22-20.15.59:911][  0]LogShaderLibrary: Display: ShaderCodeLibraryPakFileMountedCallback: pending pak file info (ChunkID:-1 Root:root:/ File:D:/Develop/Unreal Engine/UE_4.27/FeaturePacks/TP_Flying.upack)
[2024.05.22-20.15.59:911][  0]LogPakFile: OnPakFileMounted2Time == 0.000041
[2024.05.22-20.15.59:911][  0]LogPakFile: PakFile PrimaryIndexSize=184
[2024.05.22-20.15.59:911][  0]LogPakFile: PakFile PathHashIndexSize=101
[2024.05.22-20.15.59:911][  0]LogPakFile: PakFile FullDirectoryIndexSize=142
[2024.05.22-20.15.59:911][  0]LogShaderLibrary: Display: ShaderCodeLibraryPakFileMountedCallback: PakFile 'D:/Develop/Unreal Engine/UE_4.27/FeaturePacks/TP_FlyingBP.upack' (chunk index -1, root 'root:/') mounted
[2024.05.22-20.15.59:911][  0]LogShaderLibrary: Display: ShaderCodeLibraryPakFileMountedCallback: pending pak file info (ChunkID:-1 Root:root:/ File:D:/Develop/Unreal Engine/UE_4.27/FeaturePacks/TP_FlyingBP.upack)
[2024.05.22-20.15.59:911][  0]LogPakFile: OnPakFileMounted2Time == 0.000038
[2024.05.22-20.15.59:911][  0]LogPakFile: PakFile PrimaryIndexSize=188
[2024.05.22-20.15.59:911][  0]LogPakFile: PakFile PathHashIndexSize=101
[2024.05.22-20.15.59:911][  0]LogPakFile: PakFile FullDirectoryIndexSize=150
[2024.05.22-20.15.59:911][  0]LogShaderLibrary: Display: ShaderCodeLibraryPakFileMountedCallback: PakFile 'D:/Develop/Unreal Engine/UE_4.27/FeaturePacks/TP_HandheldARBP.upack' (chunk index -1, root 'root:/') mounted
[2024.05.22-20.15.59:912][  0]LogShaderLibrary: Display: ShaderCodeLibraryPakFileMountedCallback: pending pak file info (ChunkID:-1 Root:root:/ File:D:/Develop/Unreal Engine/UE_4.27/FeaturePacks/TP_HandheldARBP.upack)
[2024.05.22-20.15.59:912][  0]LogPakFile: OnPakFileMounted2Time == 0.000037
[2024.05.22-20.15.59:912][  0]LogPakFile: PakFile PrimaryIndexSize=182
[2024.05.22-20.15.59:912][  0]LogPakFile: PakFile PathHashIndexSize=101
[2024.05.22-20.15.59:912][  0]LogPakFile: PakFile FullDirectoryIndexSize=138
[2024.05.22-20.15.59:912][  0]LogShaderLibrary: Display: ShaderCodeLibraryPakFileMountedCallback: PakFile 'D:/Develop/Unreal Engine/UE_4.27/FeaturePacks/TP_Puzzle.upack' (chunk index -1, root 'root:/') mounted
[2024.05.22-20.15.59:912][  0]LogShaderLibrary: Display: ShaderCodeLibraryPakFileMountedCallback: pending pak file info (ChunkID:-1 Root:root:/ File:D:/Develop/Unreal Engine/UE_4.27/FeaturePacks/TP_Puzzle.upack)
[2024.05.22-20.15.59:912][  0]LogPakFile: OnPakFileMounted2Time == 0.000038
[2024.05.22-20.15.59:913][  0]LogPakFile: PakFile PrimaryIndexSize=184
[2024.05.22-20.15.59:913][  0]LogPakFile: PakFile PathHashIndexSize=101
[2024.05.22-20.15.59:913][  0]LogPakFile: PakFile FullDirectoryIndexSize=142
[2024.05.22-20.15.59:913][  0]LogShaderLibrary: Display: ShaderCodeLibraryPakFileMountedCallback: PakFile 'D:/Develop/Unreal Engine/UE_4.27/FeaturePacks/TP_PuzzleBP.upack' (chunk index -1, root 'root:/') mounted
[2024.05.22-20.15.59:913][  0]LogShaderLibrary: Display: ShaderCodeLibraryPakFileMountedCallback: pending pak file info (ChunkID:-1 Root:root:/ File:D:/Develop/Unreal Engine/UE_4.27/FeaturePacks/TP_PuzzleBP.upack)
[2024.05.22-20.15.59:913][  0]LogPakFile: OnPakFileMounted2Time == 0.000038
[2024.05.22-20.15.59:913][  0]LogPakFile: PakFile PrimaryIndexSize=183
[2024.05.22-20.15.59:913][  0]LogPakFile: PakFile PathHashIndexSize=101
[2024.05.22-20.15.59:913][  0]LogPakFile: PakFile FullDirectoryIndexSize=140
[2024.05.22-20.15.59:913][  0]LogShaderLibrary: Display: ShaderCodeLibraryPakFileMountedCallback: PakFile 'D:/Develop/Unreal Engine/UE_4.27/FeaturePacks/TP_Rolling.upack' (chunk index -1, root 'root:/') mounted
[2024.05.22-20.15.59:913][  0]LogShaderLibrary: Display: ShaderCodeLibraryPakFileMountedCallback: pending pak file info (ChunkID:-1 Root:root:/ File:D:/Develop/Unreal Engine/UE_4.27/FeaturePacks/TP_Rolling.upack)
[2024.05.22-20.15.59:913][  0]LogPakFile: OnPakFileMounted2Time == 0.000049
[2024.05.22-20.15.59:914][  0]LogPakFile: PakFile PrimaryIndexSize=185
[2024.05.22-20.15.59:914][  0]LogPakFile: PakFile PathHashIndexSize=101
[2024.05.22-20.15.59:914][  0]LogPakFile: PakFile FullDirectoryIndexSize=144
[2024.05.22-20.15.59:914][  0]LogShaderLibrary: Display: ShaderCodeLibraryPakFileMountedCallback: PakFile 'D:/Develop/Unreal Engine/UE_4.27/FeaturePacks/TP_RollingBP.upack' (chunk index -1, root 'root:/') mounted
[2024.05.22-20.15.59:914][  0]LogShaderLibrary: Display: ShaderCodeLibraryPakFileMountedCallback: pending pak file info (ChunkID:-1 Root:root:/ File:D:/Develop/Unreal Engine/UE_4.27/FeaturePacks/TP_RollingBP.upack)
[2024.05.22-20.15.59:914][  0]LogPakFile: OnPakFileMounted2Time == 0.000037
[2024.05.22-20.15.59:914][  0]LogPakFile: PakFile PrimaryIndexSize=188
[2024.05.22-20.15.59:914][  0]LogPakFile: PakFile PathHashIndexSize=101
[2024.05.22-20.15.59:914][  0]LogPakFile: PakFile FullDirectoryIndexSize=150
[2024.05.22-20.15.59:914][  0]LogShaderLibrary: Display: ShaderCodeLibraryPakFileMountedCallback: PakFile 'D:/Develop/Unreal Engine/UE_4.27/FeaturePacks/TP_SideScroller.upack' (chunk index -1, root 'root:/') mounted
[2024.05.22-20.15.59:914][  0]LogShaderLibrary: Display: ShaderCodeLibraryPakFileMountedCallback: pending pak file info (ChunkID:-1 Root:root:/ File:D:/Develop/Unreal Engine/UE_4.27/FeaturePacks/TP_SideScroller.upack)
[2024.05.22-20.15.59:914][  0]LogPakFile: OnPakFileMounted2Time == 0.000040
[2024.05.22-20.15.59:915][  0]LogPakFile: PakFile PrimaryIndexSize=190
[2024.05.22-20.15.59:915][  0]LogPakFile: PakFile PathHashIndexSize=101
[2024.05.22-20.15.59:915][  0]LogPakFile: PakFile FullDirectoryIndexSize=154
[2024.05.22-20.15.59:915][  0]LogShaderLibrary: Display: ShaderCodeLibraryPakFileMountedCallback: PakFile 'D:/Develop/Unreal Engine/UE_4.27/FeaturePacks/TP_SideScrollerBP.upack' (chunk index -1, root 'root:/') mounted
[2024.05.22-20.15.59:915][  0]LogShaderLibrary: Display: ShaderCodeLibraryPakFileMountedCallback: pending pak file info (ChunkID:-1 Root:root:/ File:D:/Develop/Unreal Engine/UE_4.27/FeaturePacks/TP_SideScrollerBP.upack)
[2024.05.22-20.15.59:915][  0]LogPakFile: OnPakFileMounted2Time == 0.000038
[2024.05.22-20.15.59:915][  0]LogPakFile: PakFile PrimaryIndexSize=187
[2024.05.22-20.15.59:915][  0]LogPakFile: PakFile PathHashIndexSize=101
[2024.05.22-20.15.59:915][  0]LogPakFile: PakFile FullDirectoryIndexSize=148
[2024.05.22-20.15.59:915][  0]LogShaderLibrary: Display: ShaderCodeLibraryPakFileMountedCallback: PakFile 'D:/Develop/Unreal Engine/UE_4.27/FeaturePacks/TP_ThirdPerson.upack' (chunk index -1, root 'root:/') mounted
[2024.05.22-20.15.59:915][  0]LogShaderLibrary: Display: ShaderCodeLibraryPakFileMountedCallback: pending pak file info (ChunkID:-1 Root:root:/ File:D:/Develop/Unreal Engine/UE_4.27/FeaturePacks/TP_ThirdPerson.upack)
[2024.05.22-20.15.59:915][  0]LogPakFile: OnPakFileMounted2Time == 0.000037
[2024.05.22-20.15.59:916][  0]LogPakFile: PakFile PrimaryIndexSize=189
[2024.05.22-20.15.59:916][  0]LogPakFile: PakFile PathHashIndexSize=101
[2024.05.22-20.15.59:916][  0]LogPakFile: PakFile FullDirectoryIndexSize=152
[2024.05.22-20.15.59:916][  0]LogShaderLibrary: Display: ShaderCodeLibraryPakFileMountedCallback: PakFile 'D:/Develop/Unreal Engine/UE_4.27/FeaturePacks/TP_ThirdPersonBP.upack' (chunk index -1, root 'root:/') mounted
[2024.05.22-20.15.59:916][  0]LogShaderLibrary: Display: ShaderCodeLibraryPakFileMountedCallback: pending pak file info (ChunkID:-1 Root:root:/ File:D:/Develop/Unreal Engine/UE_4.27/FeaturePacks/TP_ThirdPersonBP.upack)
[2024.05.22-20.15.59:916][  0]LogPakFile: OnPakFileMounted2Time == 0.000048
[2024.05.22-20.15.59:916][  0]LogPakFile: PakFile PrimaryIndexSize=183
[2024.05.22-20.15.59:916][  0]LogPakFile: PakFile PathHashIndexSize=101
[2024.05.22-20.15.59:916][  0]LogPakFile: PakFile FullDirectoryIndexSize=140
[2024.05.22-20.15.59:916][  0]LogShaderLibrary: Display: ShaderCodeLibraryPakFileMountedCallback: PakFile 'D:/Develop/Unreal Engine/UE_4.27/FeaturePacks/TP_TopDown.upack' (chunk index -1, root 'root:/') mounted
[2024.05.22-20.15.59:916][  0]LogShaderLibrary: Display: ShaderCodeLibraryPakFileMountedCallback: pending pak file info (ChunkID:-1 Root:root:/ File:D:/Develop/Unreal Engine/UE_4.27/FeaturePacks/TP_TopDown.upack)
[2024.05.22-20.15.59:916][  0]LogPakFile: OnPakFileMounted2Time == 0.000044
[2024.05.22-20.15.59:917][  0]LogPakFile: PakFile PrimaryIndexSize=185
[2024.05.22-20.15.59:917][  0]LogPakFile: PakFile PathHashIndexSize=101
[2024.05.22-20.15.59:917][  0]LogPakFile: PakFile FullDirectoryIndexSize=144
[2024.05.22-20.15.59:917][  0]LogShaderLibrary: Display: ShaderCodeLibraryPakFileMountedCallback: PakFile 'D:/Develop/Unreal Engine/UE_4.27/FeaturePacks/TP_TopDownBP.upack' (chunk index -1, root 'root:/') mounted
[2024.05.22-20.15.59:917][  0]LogShaderLibrary: Display: ShaderCodeLibraryPakFileMountedCallback: pending pak file info (ChunkID:-1 Root:root:/ File:D:/Develop/Unreal Engine/UE_4.27/FeaturePacks/TP_TopDownBP.upack)
[2024.05.22-20.15.59:917][  0]LogPakFile: OnPakFileMounted2Time == 0.000037
[2024.05.22-20.15.59:917][  0]LogPakFile: PakFile PrimaryIndexSize=185
[2024.05.22-20.15.59:917][  0]LogPakFile: PakFile PathHashIndexSize=101
[2024.05.22-20.15.59:917][  0]LogPakFile: PakFile FullDirectoryIndexSize=144
[2024.05.22-20.15.59:917][  0]LogShaderLibrary: Display: ShaderCodeLibraryPakFileMountedCallback: PakFile 'D:/Develop/Unreal Engine/UE_4.27/FeaturePacks/TP_TwinStick.upack' (chunk index -1, root 'root:/') mounted
[2024.05.22-20.15.59:917][  0]LogShaderLibrary: Display: ShaderCodeLibraryPakFileMountedCallback: pending pak file info (ChunkID:-1 Root:root:/ File:D:/Develop/Unreal Engine/UE_4.27/FeaturePacks/TP_TwinStick.upack)
[2024.05.22-20.15.59:917][  0]LogPakFile: OnPakFileMounted2Time == 0.000037
[2024.05.22-20.15.59:917][  0]LogPakFile: PakFile PrimaryIndexSize=187
[2024.05.22-20.15.59:917][  0]LogPakFile: PakFile PathHashIndexSize=101
[2024.05.22-20.15.59:917][  0]LogPakFile: PakFile FullDirectoryIndexSize=148
[2024.05.22-20.15.59:917][  0]LogShaderLibrary: Display: ShaderCodeLibraryPakFileMountedCallback: PakFile 'D:/Develop/Unreal Engine/UE_4.27/FeaturePacks/TP_TwinStickBP.upack' (chunk index -1, root 'root:/') mounted
[2024.05.22-20.15.59:917][  0]LogShaderLibrary: Display: ShaderCodeLibraryPakFileMountedCallback: pending pak file info (ChunkID:-1 Root:root:/ File:D:/Develop/Unreal Engine/UE_4.27/FeaturePacks/TP_TwinStickBP.upack)
[2024.05.22-20.15.59:917][  0]LogPakFile: OnPakFileMounted2Time == 0.000041
[2024.05.22-20.15.59:917][  0]LogPakFile: PakFile PrimaryIndexSize=183
[2024.05.22-20.15.59:919][  0]LogPakFile: PakFile PathHashIndexSize=101
[2024.05.22-20.15.59:919][  0]LogPakFile: PakFile FullDirectoryIndexSize=140
[2024.05.22-20.15.59:919][  0]LogShaderLibrary: Display: ShaderCodeLibraryPakFileMountedCallback: PakFile 'D:/Develop/Unreal Engine/UE_4.27/FeaturePacks/TP_Vehicle.upack' (chunk index -1, root 'root:/') mounted
[2024.05.22-20.15.59:919][  0]LogShaderLibrary: Display: ShaderCodeLibraryPakFileMountedCallback: pending pak file info (ChunkID:-1 Root:root:/ File:D:/Develop/Unreal Engine/UE_4.27/FeaturePacks/TP_Vehicle.upack)
[2024.05.22-20.15.59:919][  0]LogPakFile: OnPakFileMounted2Time == 0.000037
[2024.05.22-20.15.59:919][  0]LogPakFile: PakFile PrimaryIndexSize=186
[2024.05.22-20.15.59:919][  0]LogPakFile: PakFile PathHashIndexSize=101
[2024.05.22-20.15.59:919][  0]LogPakFile: PakFile FullDirectoryIndexSize=146
[2024.05.22-20.15.59:919][  0]LogShaderLibrary: Display: ShaderCodeLibraryPakFileMountedCallback: PakFile 'D:/Develop/Unreal Engine/UE_4.27/FeaturePacks/TP_VehicleAdv.upack' (chunk index -1, root 'root:/') mounted
[2024.05.22-20.15.59:919][  0]LogShaderLibrary: Display: ShaderCodeLibraryPakFileMountedCallback: pending pak file info (ChunkID:-1 Root:root:/ File:D:/Develop/Unreal Engine/UE_4.27/FeaturePacks/TP_VehicleAdv.upack)
[2024.05.22-20.15.59:919][  0]LogPakFile: OnPakFileMounted2Time == 0.000038
[2024.05.22-20.15.59:919][  0]LogPakFile: PakFile PrimaryIndexSize=188
[2024.05.22-20.15.59:920][  0]LogPakFile: PakFile PathHashIndexSize=101
[2024.05.22-20.15.59:920][  0]LogPakFile: PakFile FullDirectoryIndexSize=150
[2024.05.22-20.15.59:920][  0]LogShaderLibrary: Display: ShaderCodeLibraryPakFileMountedCallback: PakFile 'D:/Develop/Unreal Engine/UE_4.27/FeaturePacks/TP_VehicleAdvBP.upack' (chunk index -1, root 'root:/') mounted
[2024.05.22-20.15.59:920][  0]LogShaderLibrary: Display: ShaderCodeLibraryPakFileMountedCallback: pending pak file info (ChunkID:-1 Root:root:/ File:D:/Develop/Unreal Engine/UE_4.27/FeaturePacks/TP_VehicleAdvBP.upack)
[2024.05.22-20.15.59:920][  0]LogPakFile: OnPakFileMounted2Time == 0.000040
[2024.05.22-20.15.59:920][  0]LogPakFile: PakFile PrimaryIndexSize=185
[2024.05.22-20.15.59:920][  0]LogPakFile: PakFile PathHashIndexSize=101
[2024.05.22-20.15.59:920][  0]LogPakFile: PakFile FullDirectoryIndexSize=144
[2024.05.22-20.15.59:920][  0]LogShaderLibrary: Display: ShaderCodeLibraryPakFileMountedCallback: PakFile 'D:/Develop/Unreal Engine/UE_4.27/FeaturePacks/TP_VehicleBP.upack' (chunk index -1, root 'root:/') mounted
[2024.05.22-20.15.59:920][  0]LogShaderLibrary: Display: ShaderCodeLibraryPakFileMountedCallback: pending pak file info (ChunkID:-1 Root:root:/ File:D:/Develop/Unreal Engine/UE_4.27/FeaturePacks/TP_VehicleBP.upack)
[2024.05.22-20.15.59:920][  0]LogPakFile: OnPakFileMounted2Time == 0.000041
[2024.05.22-20.15.59:921][  0]LogPakFile: PakFile PrimaryIndexSize=192
[2024.05.22-20.15.59:921][  0]LogPakFile: PakFile PathHashIndexSize=101
[2024.05.22-20.15.59:921][  0]LogPakFile: PakFile FullDirectoryIndexSize=158
[2024.05.22-20.15.59:921][  0]LogShaderLibrary: Display: ShaderCodeLibraryPakFileMountedCallback: PakFile 'D:/Develop/Unreal Engine/UE_4.27/FeaturePacks/TP_VirtualRealityBP.upack' (chunk index -1, root 'root:/') mounted
[2024.05.22-20.15.59:921][  0]LogShaderLibrary: Display: ShaderCodeLibraryPakFileMountedCallback: pending pak file info (ChunkID:-1 Root:root:/ File:D:/Develop/Unreal Engine/UE_4.27/FeaturePacks/TP_VirtualRealityBP.upack)
[2024.05.22-20.15.59:921][  0]LogPakFile: OnPakFileMounted2Time == 0.000038
[2024.05.22-20.15.59:962][  0]LogNativeClassHierarchy: Verbose: Native class hierarchy updated for 'AddContentDialog' in 0.0003 seconds. Added 0 classes and 0 folders.
[2024.05.22-20.15.59:964][  0]LogNativeClassHierarchy: Verbose: Native class hierarchy updated for 'SceneOutliner' in 0.0003 seconds. Added 2 classes and 0 folders.
[2024.05.22-20.16.00:040][  0]LogSlate: Took 0.000245 seconds to synchronously load lazily loaded font '../../../Engine/Content/Slate/Fonts/Roboto-Regular.ttf' (155K)
[2024.05.22-20.16.00:042][  0]LogSlate: Took 0.000194 seconds to synchronously load lazily loaded font '../../../Engine/Content/Editor/Slate/Fonts/FontAwesome.ttf' (139K)
[2024.05.22-20.16.00:044][  0]LogSlate: Took 0.000156 seconds to synchronously load lazily loaded font '../../../Engine/Content/Slate/Fonts/Roboto-Bold.ttf' (160K)
[2024.05.22-20.16.00:155][  0]LogRenderer: Reallocating scene render targets to support 856x396 Format 10 NumSamples 1 (Frame:1).
[2024.05.22-20.16.00:293][  0]LogNativeClassHierarchy: Verbose: Native class hierarchy updated for 'HierarchicalLODOutliner' in 0.0004 seconds. Added 0 classes and 0 folders.
[2024.05.22-20.16.00:293][  0]LogLoad: (Engine Initialization) Total time: 9.75 seconds
[2024.05.22-20.16.00:293][  0]LogLoad: (Engine Initialization) Total Blueprint compile time: 0.00 seconds
[2024.05.22-20.16.00:348][  0]LogAssetRegistry: Asset discovery search completed in 5.7435 seconds
[2024.05.22-20.16.00:352][  0]LogCollectionManager: Fixed up redirectors for 0 collections in 0.000011 seconds (updated 0 objects)
[2024.05.22-20.16.00:353][  0]LogContentStreaming: Texture pool size now 1000 MB
[2024.05.22-20.16.00:622][  2]LogSlate: Took 0.000200 seconds to synchronously load lazily loaded font '../../../Engine/Content/Slate/Fonts/Roboto-Light.ttf' (167K)
